11:16:03,399 INFO  ~ Starting D:\tahworkspace\tah-webapp
11:16:03,405 INFO  ~ Module secure is available (C:\javatools\play-1.0.3\modules\secure)
11:16:04,717 WARN  ~ You're running Play! in DEV mode
11:16:04,957 INFO  ~ Listening for HTTP on port 9000 (Waiting a first request to start) ...
11:16:26,797 INFO  ~ Application 'TalkAboutHealth Web App' is now started !
11:27:47,751 ERROR ~ 

@637b9d3lm
Internal Server Error (500) for request GET /dashboard

Java exception (In /app/dao/TopicDAO.java around line 116)
NullPointerException occured : null

play.exceptions.JavaExecutionException
	at play.mvc.ActionInvoker.invoke(ActionInvoker.java:230)
	at Invocation.HTTP Request(Play!)
Caused by: java.lang.NullPointerException
	at dao.TopicDAO.loadTopicsForDashboard(TopicDAO.java:116)
	at controllers.Dashboard.index(Dashboard.java:22)
	at play.utils.Java.invokeStatic(Java.java:129)
	at play.mvc.ActionInvoker.invoke(ActionInvoker.java:139)
	... 1 more
11:30:39,653 ERROR ~ 

@637b9d3ln
Internal Server Error (500) for request GET /dashboard

Template execution error (In /app/views/Dashboard/index.html around line 7)
Execution error occured in template /app/views/Dashboard/index.html. Exception raised was IllegalMonitorStateException : null.

play.exceptions.TemplateExecutionException
	at play.templates.Template.throwException(Template.java:296)
	at play.templates.Template.render(Template.java:261)
	at play.mvc.results.RenderTemplate.<init>(RenderTemplate.java:22)
	at play.mvc.Controller.renderTemplate(Controller.java:489)
	at play.mvc.Controller.render(Controller.java:521)
	at controllers.Dashboard.index(Dashboard.java:24)
	at play.utils.Java.invokeStatic(Java.java:129)
	at play.mvc.ActionInvoker.invoke(ActionInvoker.java:139)
	at Invocation.HTTP Request(Play!)
Caused by: java.lang.IllegalMonitorStateException
	at java.lang.Object.notify(Native Method)
	at java_lang_Object$notify.call(Unknown Source)
	at /app/views/Dashboard/index.html.(line:7)
	at play.templates.Template.render(Template.java:238)
	... 7 more
11:31:44,974 ERROR ~ 

@637b9d3lo
Internal Server Error (500) for request GET /dashboard

Template execution error (In /app/views/Dashboard/index.html around line 7)
Execution error occured in template /app/views/Dashboard/index.html. Exception raised was IllegalMonitorStateException : null.

play.exceptions.TemplateExecutionException
	at play.templates.Template.throwException(Template.java:296)
	at play.templates.Template.render(Template.java:261)
	at play.mvc.results.RenderTemplate.<init>(RenderTemplate.java:22)
	at play.mvc.Controller.renderTemplate(Controller.java:489)
	at play.mvc.Controller.render(Controller.java:521)
	at controllers.Dashboard.index(Dashboard.java:24)
	at play.utils.Java.invokeStatic(Java.java:129)
	at play.mvc.ActionInvoker.invoke(ActionInvoker.java:139)
	at Invocation.HTTP Request(Play!)
Caused by: java.lang.IllegalMonitorStateException
	at java.lang.Object.notify(Native Method)
	at java_lang_Object$notify.call(Unknown Source)
	at /app/views/Dashboard/index.html.(line:7)
	at play.templates.Template.render(Template.java:238)
	... 7 more
11:35:23,598 ERROR ~ 

@637b9d3lp
Internal Server Error (500) for request GET /dashboard

Template execution error (In /app/views/Dashboard/index.html around line 7)
Execution error occured in template /app/views/Dashboard/index.html. Exception raised was IllegalMonitorStateException : null.

play.exceptions.TemplateExecutionException
	at play.templates.Template.throwException(Template.java:296)
	at play.templates.Template.render(Template.java:261)
	at play.mvc.results.RenderTemplate.<init>(RenderTemplate.java:22)
	at play.mvc.Controller.renderTemplate(Controller.java:489)
	at play.mvc.Controller.render(Controller.java:521)
	at controllers.Dashboard.index(Dashboard.java:24)
	at play.utils.Java.invokeStatic(Java.java:129)
	at play.mvc.ActionInvoker.invoke(ActionInvoker.java:139)
	at Invocation.HTTP Request(Play!)
Caused by: java.lang.IllegalMonitorStateException
	at java.lang.Object.notify(Native Method)
	at java_lang_Object$notify.call(Unknown Source)
	at /app/views/Dashboard/index.html.(line:7)
	at play.templates.Template.render(Template.java:238)
	... 7 more
11:35:55,804 ERROR ~ 

@637b9d3m0
Internal Server Error (500) for request GET /dashboard

Template execution error (In /app/views/Dashboard/index.html around line 7)
Execution error occured in template /app/views/Dashboard/index.html. Exception raised was IllegalMonitorStateException : null.

play.exceptions.TemplateExecutionException
	at play.templates.Template.throwException(Template.java:296)
	at play.templates.Template.render(Template.java:261)
	at play.mvc.results.RenderTemplate.<init>(RenderTemplate.java:22)
	at play.mvc.Controller.renderTemplate(Controller.java:489)
	at play.mvc.Controller.render(Controller.java:521)
	at controllers.Dashboard.index(Dashboard.java:24)
	at play.utils.Java.invokeStatic(Java.java:129)
	at play.mvc.ActionInvoker.invoke(ActionInvoker.java:139)
	at Invocation.HTTP Request(Play!)
Caused by: java.lang.IllegalMonitorStateException
	at java.lang.Object.notify(Native Method)
	at java_lang_Object$notify.call(Unknown Source)
	at /app/views/Dashboard/index.html.(line:7)
	at play.templates.Template.render(Template.java:238)
	... 7 more
12:14:57,634 ERROR ~ 

@637b9d3m1
Internal Server Error (500) for request GET /dashboard

Java exception (In /app/dao/TalkerDAO.java around line 167)
NullPointerException occured : null

play.exceptions.JavaExecutionException
	at play.mvc.ActionInvoker.invoke(ActionInvoker.java:230)
	at Invocation.HTTP Request(Play!)
Caused by: java.lang.NullPointerException
	at dao.TalkerDAO.loadTalkersForDashboard(TalkerDAO.java:167)
	at controllers.Dashboard.index(Dashboard.java:37)
	at play.utils.Java.invokeStatic(Java.java:129)
	at play.mvc.ActionInvoker.invoke(ActionInvoker.java:139)
	... 1 more
12:25:28,390 ERROR ~ 

@637b9d3m3
Internal Server Error (500) for request GET /dashboard/userlist

Template not found (In /app/controllers/Dashboard.java around line 45)
The template Dashboard/userlist.html does not exist.

play.exceptions.TemplateNotFoundException: Template not found : Dashboard/userlist.html
	at play.mvc.Controller.renderTemplate(Controller.java:496)
	at play.mvc.Controller.render(Controller.java:521)
	at controllers.Dashboard.userlist(Dashboard.java:45)
	at play.utils.Java.invokeStatic(Java.java:129)
	at play.mvc.ActionInvoker.invoke(ActionInvoker.java:139)
	at Invocation.HTTP Request(Play!)
15:01:12,820 ERROR ~ 

@637b9d3m4
Internal Server Error (500) for request POST /login

Java exception (In /app/util/CommonUtil.java around line 113)
NullPointerException occured : null

play.exceptions.JavaExecutionException
	at play.mvc.ActionInvoker.invoke(ActionInvoker.java:230)
	at Invocation.HTTP Request(Play!)
Caused by: java.lang.NullPointerException
	at play.cache.Cache.checkSerializable(Cache.java:255)
	at play.cache.Cache.set(Cache.java:68)
	at util.CommonUtil.updateCachedTalker(CommonUtil.java:113)
	at util.CommonUtil.loadCachedTalker(CommonUtil.java:106)
	at controllers.Security.onAuthenticated(Security.java:33)
	at play.utils.Java.invokeStaticOrParent(Java.java:118)
	at controllers.Secure$Security.invoke(Secure.java:185)
	at controllers.Secure$Security.access$0(Secure.java:176)
	at controllers.Secure.redirectToOriginalURL(Secure.java:93)
	at controllers.Secure.authenticate(Secure.java:79)
	at play.utils.Java.invokeStatic(Java.java:129)
	at play.mvc.ActionInvoker.invoke(ActionInvoker.java:139)
	... 1 more
15:05:38,575 ERROR ~ 

@637b9d3m5
Internal Server Error (500) for request GET /home

Java exception (In /app/util/CommonUtil.java around line 113)
NullPointerException occured : null

play.exceptions.JavaExecutionException
	at play.mvc.ActionInvoker.invoke(ActionInvoker.java:230)
	at Invocation.HTTP Request(Play!)
Caused by: java.lang.NullPointerException
	at play.cache.Cache.checkSerializable(Cache.java:255)
	at play.cache.Cache.set(Cache.java:68)
	at util.CommonUtil.updateCachedTalker(CommonUtil.java:113)
	at util.CommonUtil.loadCachedTalker(CommonUtil.java:106)
	at controllers.Home.index(Home.java:25)
	at play.utils.Java.invokeStatic(Java.java:129)
	at play.mvc.ActionInvoker.invoke(ActionInvoker.java:139)
	... 1 more
