#
# A fatal error has been detected by the Java Runtime Environment:
#
#  SIGSEGV (0xb) at pc=0xb6d667cc, pid=488, tid=2130619248
#
# JRE version: 6.0_20-b20
# Java VM: OpenJDK Server VM (19.0-b09 mixed mode linux-x86 )
# Derivative: IcedTea6 1.9.7
# Distribution: Dummy Product (i586), package suse-1.2.1-i386
# Problematic frame:
# V  [libjvm.so+0x4c67cc]
#
# If you would like to submit a bug report, please include
# instructions how to reproduce the bug and visit:
#   http://icedtea.classpath.org/bugzilla
#

---------------  T H R E A D  ---------------

Current thread (0x7f4b7800):  JavaThread "CompilerThread1" daemon [_thread_in_native, id=500, stack(0x7ef6a000,0x7efeb000)]

siginfo:si_signo=SIGSEGV: si_errno=0, si_code=1 (SEGV_MAPERR), si_addr=0x00000004

Registers:
EAX=0x00000000, EBX=0xb7141ff4, ECX=0x7eabae00, EDX=0x7d6bdde8
ESP=0x7efe8b10, EBP=0x7d6bdde8, ESI=0x7efe93ec, EDI=0x7e8c4ed0
EIP=0xb6d667cc, CR2=0x00000004, EFLAGS=0x00010202

Register to memory mapping:

EAX=0x00000000
0x00000000 is pointing to unknown location

EBX=0xb7141ff4
0xb7141ff4: <offset 0x8a1ff4> in /usr/lib/jvm/java-1.6.0-openjdk-1.6.0/jre/lib/i386/server/libjvm.so at 0xb68a0000

ECX=0x7eabae00
0x7eabae00 is pointing to unknown location

EDX=0x7d6bdde8
0x7d6bdde8 is pointing to unknown location

ESP=0x7efe8b10
0x7efe8b10 is pointing into the stack for thread: 0x7f4b7800
"CompilerThread1" daemon prio=10 tid=0x7f4b7800 nid=0x1f4 runnable [0x00000000]
   java.lang.Thread.State: RUNNABLE

EBP=0x7d6bdde8
0x7d6bdde8 is pointing to unknown location

ESI=0x7efe93ec
0x7efe93ec is pointing into the stack for thread: 0x7f4b7800
"CompilerThread1" daemon prio=10 tid=0x7f4b7800 nid=0x1f4 runnable [0x00000000]
   java.lang.Thread.State: RUNNABLE

EDI=0x7e8c4ed0
0x7e8c4ed0 is pointing to unknown location


Top of Stack: (sp=0x7efe8b10)
0x7efe8b10:   7efe93ec 7f4f443c 7d66ffbc b7141ff4
0x7efe8b20:   00000058 7e586d98 7efe8d60 7e587198
0x7efe8b30:   7e586ad8 00000000 00000200 00002000
0x7efe8b40:   00000400 7efe8d30 7efe8d30 b6dde1a6
0x7efe8b50:   7eabae40 00000000 7d66ffbc 7efe93fc
0x7efe8b60:   7d418028 7e8ccec8 00000010 b7141ff4
0x7efe8b70:   7f4f443c 00000002 7efe93ec b6d66da4
0x7efe8b80:   7efe93ec 7f4f443c 7e5862d0 b7141ff4 

Instructions: (pc=0xb6d667cc)
0xb6d667bc:   00 00 00 00 8b ae d0 02 00 00 8d 54 95 00 8b 02
0xb6d667cc:   8b 48 04 8b 39 85 ff 75 1e 8b 7e 14 8b 48 1c 31 

Stack: [0x7ef6a000,0x7efeb000],  sp=0x7efe8b10,  free space=506k
Native frames: (J=compiled Java code, j=interpreted, Vv=VM code, C=native code)
V  [libjvm.so+0x4c67cc]


Current CompileTask:
C2:1232      jregex.Pretokenizer.next()V (1064 bytes)


---------------  P R O C E S S  ---------------

Java Threads: ( => current thread )
  0x0855d400 JavaThread "pool-2-thread-9" [_thread_blocked, id=772, stack(0x7ac5e000,0x7acaf000)]
  0x0855d000 JavaThread "pool-2-thread-8" [_thread_blocked, id=771, stack(0x7ac0d000,0x7ac5e000)]
  0x099b4c00 JavaThread "pool-2-thread-7" [_thread_blocked, id=770, stack(0x7dfaf000,0x7e000000)]
  0x0904e400 JavaThread "pool-9-thread-4" [_thread_in_vm, id=765, stack(0x7acaf000,0x7ad00000)]
  0x08f63000 JavaThread "pool-2-thread-4" [_thread_blocked, id=655, stack(0x7bcc7000,0x7bd18000)]
  0x7e216400 JavaThread "Thread-10" [_thread_blocked, id=530, stack(0x7bc76000,0x7bcc7000)]
  0x7d183c00 JavaThread "Smack Listener Processor (0)" daemon [_thread_blocked, id=525, stack(0x7bd18000,0x7bd69000)]
  0x087bd000 JavaThread "Smack Keep Alive (0)" daemon [_thread_blocked, id=523, stack(0x7bd69000,0x7bdba000)]
  0x7d736800 JavaThread "OpenYMSG session ping timer" daemon [_thread_blocked, id=522, stack(0x7d50d000,0x7d55e000)]
  0x7e9fe800 JavaThread "jYMSG Network Input thread" [_thread_in_native, id=520, stack(0x7d55e000,0x7d5af000)]
  0x7d737400 JavaThread "jYMSG Event Dispatcher thread" [_thread_blocked, id=519, stack(0x7d5af000,0x7d600000)]
  0x7e9bd400 JavaThread "AutoCloseEventGenerator0" [_thread_in_native, id=518, stack(0x7dd0d000,0x7dd5e000)]
  0x0848b800 JavaThread "Smack Packet Reader (0)" daemon [_thread_in_native, id=517, stack(0x7dd5e000,0x7ddaf000)]
  0x08ac7400 JavaThread "Smack Packet Writer (0)" daemon [_thread_blocked, id=516, stack(0x7ddaf000,0x7de00000)]
  0x7d653400 JavaThread "pool-7-thread-1" [_thread_blocked, id=515, stack(0x7df0d000,0x7df5e000)]
  0x0903d000 JavaThread "net.sf.ehcache.CacheManager@17082d8" daemon [_thread_blocked, id=510, stack(0x7e75e000,0x7e7af000)]
  0x7eda3c00 JavaThread "pool-5-thread-1" [_thread_blocked, id=506, stack(0x7e7af000,0x7e800000)]
  0x7e958c00 JavaThread "DestroyJavaVM" [_thread_blocked, id=489, stack(0xb6825000,0xb6876000)]
  0x7ea95c00 JavaThread "New I/O server boss #1 ([id: 0x00bef361, /0:0:0:0:0:0:0:0:9000])" [_thread_in_native, id=504, stack(0x7eb5b000,0x7ebac000)]
  0x7f4b9400 JavaThread "Low Memory Detector" daemon [_thread_blocked, id=501, stack(0x7ef19000,0x7ef6a000)]
=>0x7f4b7800 JavaThread "CompilerThread1" daemon [_thread_in_native, id=500, stack(0x7ef6a000,0x7efeb000)]
  0x7f4b5400 JavaThread "CompilerThread0" daemon [_thread_in_native, id=499, stack(0x7efeb000,0x7f06c000)]
  0x7f4b3c00 JavaThread "JDWP Event Helper Thread" daemon [_thread_blocked, id=498, stack(0x7f06c000,0x7f0bd000)]
  0x7f4b1400 JavaThread "JDWP Transport Listener: dt_socket" daemon [_thread_in_native, id=497, stack(0x7f0bd000,0x7f10e000)]
  0x7f490800 JavaThread "Signal Dispatcher" daemon [_thread_blocked, id=496, stack(0x7f146000,0x7f197000)]
  0x7f481800 JavaThread "Finalizer" daemon [_thread_blocked, id=495, stack(0x7f52a000,0x7f57b000)]
  0x7f480000 JavaThread "Reference Handler" daemon [_thread_blocked, id=494, stack(0x7f197000,0x7f1e8000)]

Other Threads:
  0x7f47c400 VMThread [stack: 0x7f1e8000,0x7f269000] [id=493]
  0x08078800 WatcherThread [stack: 0x7ee98000,0x7ef19000] [id=502]

VM state:not at safepoint (normal execution)

VM Mutex/Monitor currently owned by a thread: None

Heap
 PSYoungGen      total 81088K, used 11821K [0xa4c30000, 0xab040000, 0xb3580000)
  eden space 80768K, 14% used [0xa4c30000,0xa576fb38,0xa9b10000)
  from space 320K, 94% used [0xaa240000,0xaa28bbc8,0xaa290000)
  to   space 7168K, 0% used [0xaa940000,0xaa940000,0xab040000)
 PSOldGen        total 34176K, used 29170K [0x87980000, 0x89ae0000, 0xa4c30000)
  object space 34176K, 85% used [0x87980000,0x895fcb30,0x89ae0000)
 PSPermGen       total 30208K, used 30087K [0x7f980000, 0x81700000, 0x87980000)
  object space 30208K, 99% used [0x7f980000,0x816e1e18,0x81700000)

Dynamic libraries:
08048000-08051000 r-xp 00000000 08:06 697425     /usr/lib/jvm/java-1.6.0-openjdk-1.6.0/bin/java
08051000-08052000 r--p 00008000 08:06 697425     /usr/lib/jvm/java-1.6.0-openjdk-1.6.0/bin/java
08052000-08053000 rw-p 00009000 08:06 697425     /usr/lib/jvm/java-1.6.0-openjdk-1.6.0/bin/java
08053000-0ace8000 rw-p 00000000 00:00 0          [heap]
78c00000-78cfa000 rw-p 00000000 00:00 0 
78cfa000-78d00000 ---p 00000000 00:00 0 
78d00000-78dfb000 rw-p 00000000 00:00 0 
78dfb000-78e00000 ---p 00000000 00:00 0 
78e00000-78f00000 rw-p 00000000 00:00 0 
79100000-791d0000 rw-p 00000000 00:00 0 
791d0000-79200000 ---p 00000000 00:00 0 
79200000-792fb000 rw-p 00000000 00:00 0 
792fb000-79300000 ---p 00000000 00:00 0 
79300000-79500000 rw-p 00000000 00:00 0 
79500000-79600000 rw-p 00000000 00:00 0 
79a00000-79afe000 rw-p 00000000 00:00 0 
79afe000-79b00000 ---p 00000000 00:00 0 
79b00000-79c00000 rw-p 00000000 00:00 0 
79c00000-79df3000 rw-p 00000000 00:00 0 
79df3000-79e00000 ---p 00000000 00:00 0 
79e00000-7a000000 rw-p 00000000 00:00 0 
7a000000-7a200000 rw-p 00000000 00:00 0 
7a200000-7a2fe000 rw-p 00000000 00:00 0 
7a2fe000-7a300000 ---p 00000000 00:00 0 
7a300000-7a3f3000 rw-p 00000000 00:00 0 
7a3f3000-7a400000 ---p 00000000 00:00 0 
7a500000-7a5fc000 rw-p 00000000 00:00 0 
7a5fc000-7a600000 ---p 00000000 00:00 0 
7a600000-7a6f8000 rw-p 00000000 00:00 0 
7a6f8000-7a700000 ---p 00000000 00:00 0 
7a700000-7a7f2000 rw-p 00000000 00:00 0 
7a7f2000-7a800000 ---p 00000000 00:00 0 
7a800000-7a8e8000 rw-p 00000000 00:00 0 
7a8e8000-7a900000 ---p 00000000 00:00 0 
7a900000-7a9ff000 rw-p 00000000 00:00 0 
7a9ff000-7aa00000 ---p 00000000 00:00 0 
7aa00000-7aaeb000 rw-p 00000000 00:00 0 
7aaeb000-7ab00000 ---p 00000000 00:00 0 
7ab00000-7abe1000 rw-p 00000000 00:00 0 
7abe1000-7ac00000 ---p 00000000 00:00 0 
7ac0d000-7ac10000 ---p 00000000 00:00 0 
7ac10000-7ac5e000 rw-p 00000000 00:00 0 
7ac5e000-7ac61000 ---p 00000000 00:00 0 
7ac61000-7acaf000 rw-p 00000000 00:00 0 
7acaf000-7acb2000 ---p 00000000 00:00 0 
7acb2000-7ad00000 rw-p 00000000 00:00 0 
7ad00000-7adfe000 rw-p 00000000 00:00 0 
7adfe000-7ae00000 ---p 00000000 00:00 0 
7ae00000-7aef9000 rw-p 00000000 00:00 0 
7aef9000-7af00000 ---p 00000000 00:00 0 
7af00000-7b100000 rw-p 00000000 00:00 0 
7b100000-7b300000 rw-p 00000000 00:00 0 
7b300000-7b500000 rw-p 00000000 00:00 0 
7b500000-7b700000 rw-p 00000000 00:00 0 
7b700000-7b7f8000 rw-p 00000000 00:00 0 
7b7f8000-7b800000 ---p 00000000 00:00 0 
7b800000-7b8fe000 rw-p 00000000 00:00 0 
7b8fe000-7b900000 ---p 00000000 00:00 0 
7b900000-7bafe000 rw-p 00000000 00:00 0 
7bafe000-7bb00000 ---p 00000000 00:00 0 
7bb00000-7bc00000 rw-p 00000000 00:00 0 
7bc25000-7bc28000 ---p 00000000 00:00 0 
7bc28000-7bc76000 rw-p 00000000 00:00 0 
7bc76000-7bc79000 ---p 00000000 00:00 0 
7bc79000-7bcc7000 rw-p 00000000 00:00 0 
7bcc7000-7bcca000 ---p 00000000 00:00 0 
7bcca000-7bd18000 rw-p 00000000 00:00 0 
7bd18000-7bd1b000 ---p 00000000 00:00 0 
7bd1b000-7bd69000 rw-p 00000000 00:00 0 
7bd69000-7bd6c000 ---p 00000000 00:00 0 
7bd6c000-7bdba000 rw-p 00000000 00:00 0 
7bdba000-7befb000 r-xp 00000000 08:06 536900     /usr/lib/libnss3.so
7befb000-7befe000 r--p 00140000 08:06 536900     /usr/lib/libnss3.so
7befe000-7bf00000 rw-p 00143000 08:06 536900     /usr/lib/libnss3.so
7bf00000-7c0ff000 rw-p 00000000 00:00 0 
7c0ff000-7c100000 ---p 00000000 00:00 0 
7c100000-7c300000 rw-p 00000000 00:00 0 
7c300000-7c4f6000 rw-p 00000000 00:00 0 
7c4f6000-7c500000 ---p 00000000 00:00 0 
7c50b000-7c55e000 r-xp 00000000 08:06 262622     /lib/libfreebl3.so
7c55e000-7c55f000 ---p 00053000 08:06 262622     /lib/libfreebl3.so
7c55f000-7c560000 r--p 00053000 08:06 262622     /lib/libfreebl3.so
7c560000-7c561000 rw-p 00054000 08:06 262622     /lib/libfreebl3.so
7c561000-7c565000 rw-p 00000000 00:00 0 
7c565000-7c5fd000 r-xp 00000000 08:06 534380     /usr/lib/libsqlite3.so.0.8.6
7c5fd000-7c5fe000 r--p 00098000 08:06 534380     /usr/lib/libsqlite3.so.0.8.6
7c5fe000-7c5ff000 rw-p 00099000 08:06 534380     /usr/lib/libsqlite3.so.0.8.6
7c5ff000-7c600000 rw-p 00000000 00:00 0 
7c600000-7c6fe000 rw-p 00000000 00:00 0 
7c6fe000-7c700000 ---p 00000000 00:00 0 
7c700000-7c800000 rw-p 00000000 00:00 0 
7c800000-7ca00000 rw-p 00000000 00:00 0 
7ca00000-7cc00000 rw-p 00000000 00:00 0 
7cc00000-7ccfb000 rw-p 00000000 00:00 0 
7ccfb000-7cd00000 ---p 00000000 00:00 0 
7cd00000-7ce00000 rw-p 00000000 00:00 0 
7ce00000-7d000000 rw-p 00000000 00:00 0 
7d000000-7d1ec000 rw-p 00000000 00:00 0 
7d1ec000-7d200000 ---p 00000000 00:00 0 
7d200000-7d300000 rw-p 00000000 00:00 0 
7d32b000-7d36b000 r-xp 00000000 08:06 536928     /usr/lib/libsoftokn3.so
7d36b000-7d36c000 r--p 00040000 08:06 536928     /usr/lib/libsoftokn3.so
7d36c000-7d36d000 rw-p 00041000 08:06 536928     /usr/lib/libsoftokn3.so
7d36d000-7d3a7000 r-xp 00000000 08:06 536952     /usr/lib/libnspr4.so
7d3a7000-7d3a8000 r--p 00039000 08:06 536952     /usr/lib/libnspr4.so
7d3a8000-7d3a9000 rw-p 0003a000 08:06 536952     /usr/lib/libnspr4.so
7d3a9000-7d3ab000 rw-p 00000000 00:00 0 
7d3ab000-7d3c2000 r-xp 00000000 08:06 536949     /usr/lib/libnssutil3.so
7d3c2000-7d3c3000 ---p 00017000 08:06 536949     /usr/lib/libnssutil3.so
7d3c3000-7d3c6000 r--p 00017000 08:06 536949     /usr/lib/libnssutil3.so
7d3c6000-7d3c7000 rw-p 0001a000 08:06 536949     /usr/lib/libnssutil3.so
7d3f1000-7d3fe000 r-xp 00000000 08:06 678962     /usr/lib/jvm/java-1.6.0-openjdk-1.6.0/jre/lib/i386/libj2pkcs11.so
7d3fe000-7d3ff000 r--p 0000c000 08:06 678962     /usr/lib/jvm/java-1.6.0-openjdk-1.6.0/jre/lib/i386/libj2pkcs11.so
7d3ff000-7d400000 rw-p 0000d000 08:06 678962     /usr/lib/jvm/java-1.6.0-openjdk-1.6.0/jre/lib/i386/libj2pkcs11.so
7d400000-7d500000 rw-p 00000000 00:00 0 
7d50d000-7d510000 ---p 00000000 00:00 0 
7d510000-7d55e000 rw-p 00000000 00:00 0 
7d55e000-7d561000 ---p 00000000 00:00 0 
7d561000-7d5af000 rw-p 00000000 00:00 0 
7d5af000-7d5b2000 ---p 00000000 00:00 0 
7d5b2000-7d600000 rw-p 00000000 00:00 0 
7d600000-7d6ff000 rw-p 00000000 00:00 0 
7d6ff000-7d700000 ---p 00000000 00:00 0 
7d700000-7d7f2000 rw-p 00000000 00:00 0 
7d7f2000-7d800000 ---p 00000000 00:00 0 
7d800000-7d8f1000 rw-p 00000000 00:00 0 
7d8f1000-7d900000 ---p 00000000 00:00 0 
7d900000-7d9f9000 rw-p 00000000 00:00 0 
7d9f9000-7da00000 ---p 00000000 00:00 0 
7da00000-7daf9000 rw-p 00000000 00:00 0 
7daf9000-7db00000 ---p 00000000 00:00 0 
7db00000-7dbf9000 rw-p 00000000 00:00 0 
7dbf9000-7dc00000 ---p 00000000 00:00 0 
7dc00000-7dd00000 rw-p 00000000 00:00 0 
7dd0d000-7dd10000 ---p 00000000 00:00 0 
7dd10000-7dd5e000 rw-p 00000000 00:00 0 
7dd5e000-7dd61000 ---p 00000000 00:00 0 
7dd61000-7ddaf000 rw-p 00000000 00:00 0 
7ddaf000-7ddb2000 ---p 00000000 00:00 0 
7ddb2000-7de00000 rw-p 00000000 00:00 0 
7de00000-7deff000 rw-p 00000000 00:00 0 
7deff000-7df00000 ---p 00000000 00:00 0 
7df02000-7df05000 r-xp 00000000 08:06 536948     /usr/lib/libplds4.so
7df05000-7df06000 r--p 00002000 08:06 536948     /usr/lib/libplds4.so
7df06000-7df07000 rw-p 00003000 08:06 536948     /usr/lib/libplds4.so
7df07000-7df0b000 r-xp 00000000 08:06 536905     /usr/lib/libplc4.so
7df0b000-7df0c000 r--p 00003000 08:06 536905     /usr/lib/libplc4.so
7df0c000-7df0d000 rw-p 00004000 08:06 536905     /usr/lib/libplc4.so
7df0d000-7df10000 ---p 00000000 00:00 0 
7df10000-7df5e000 rw-p 00000000 00:00 0 
7df5e000-7df61000 ---p 00000000 00:00 0 
7df61000-7dfaf000 rw-p 00000000 00:00 0 
7dfaf000-7dfb2000 ---p 00000000 00:00 0 
7dfb2000-7e000000 rw-p 00000000 00:00 0 
7e000000-7e0fa000 rw-p 00000000 00:00 0 
7e0fa000-7e100000 ---p 00000000 00:00 0 
7e100000-7e1e1000 rw-p 00000000 00:00 0 
7e1e1000-7e200000 ---p 00000000 00:00 0 
7e200000-7e2fd000 rw-p 00000000 00:00 0 
7e2fd000-7e300000 ---p 00000000 00:00 0 
7e300000-7e3f7000 rw-p 00000000 00:00 0 
7e3f7000-7e400000 ---p 00000000 00:00 0 
7e400000-7e4d7000 rw-p 00000000 00:00 0 
7e4d7000-7e500000 ---p 00000000 00:00 0 
7e500000-7e5f7000 rw-p 00000000 00:00 0 
7e5f7000-7e600000 ---p 00000000 00:00 0 
7e600000-7e6f2000 rw-p 00000000 00:00 0 
7e6f2000-7e700000 ---p 00000000 00:00 0 
7e702000-7e705000 r--s 00031000 08:06 678920     /usr/lib/jvm/java-1.6.0-openjdk-1.6.0/jre/lib/ext/sunjce_provider.jar
7e705000-7e708000 ---p 00000000 00:00 0 
7e708000-7e756000 rw-p 00000000 00:00 0 
7e756000-7e75c000 r-xp 00000000 08:06 678973     /usr/lib/jvm/java-1.6.0-openjdk-1.6.0/jre/lib/i386/libmanagement.so
7e75c000-7e75d000 r--p 00005000 08:06 678973     /usr/lib/jvm/java-1.6.0-openjdk-1.6.0/jre/lib/i386/libmanagement.so
7e75d000-7e75e000 rw-p 00006000 08:06 678973     /usr/lib/jvm/java-1.6.0-openjdk-1.6.0/jre/lib/i386/libmanagement.so
7e75e000-7e761000 ---p 00000000 00:00 0 
7e761000-7e7af000 rw-p 00000000 00:00 0 
7e7af000-7e7b2000 ---p 00000000 00:00 0 
7e7b2000-7e800000 rw-p 00000000 00:00 0 
7e800000-7e9ff000 rw-p 00000000 00:00 0 
7e9ff000-7ea00000 ---p 00000000 00:00 0 
7ea00000-7eaf7000 rw-p 00000000 00:00 0 
7eaf7000-7eb00000 ---p 00000000 00:00 0 
7eb01000-7eb07000 r--s 000fc000 08:06 679023     /usr/lib/jvm/java-1.6.0-openjdk-1.6.0/jre/lib/resources.jar
7eb07000-7eb0a000 r--s 00038000 08:06 678921     /usr/lib/jvm/java-1.6.0-openjdk-1.6.0/jre/lib/ext/sunpkcs11.jar
7eb0a000-7eb0d000 ---p 00000000 00:00 0 
7eb0d000-7eb5b000 rw-p 00000000 00:00 0 
7eb5b000-7eb5e000 ---p 00000000 00:00 0 
7eb5e000-7ebac000 rw-p 00000000 00:00 0 
7ebac000-7ebba000 r-xp 00000000 08:06 678976     /usr/lib/jvm/java-1.6.0-openjdk-1.6.0/jre/lib/i386/libnio.so
7ebba000-7ebbb000 r--p 0000d000 08:06 678976     /usr/lib/jvm/java-1.6.0-openjdk-1.6.0/jre/lib/i386/libnio.so
7ebbb000-7ebbc000 rw-p 0000e000 08:06 678976     /usr/lib/jvm/java-1.6.0-openjdk-1.6.0/jre/lib/i386/libnio.so
7ebbc000-7ebd0000 r-xp 00000000 08:06 678975     /usr/lib/jvm/java-1.6.0-openjdk-1.6.0/jre/lib/i386/libnet.so
7ebd0000-7ebd1000 r--p 00013000 08:06 678975     /usr/lib/jvm/java-1.6.0-openjdk-1.6.0/jre/lib/i386/libnet.so
7ebd1000-7ebd2000 rw-p 00014000 08:06 678975     /usr/lib/jvm/java-1.6.0-openjdk-1.6.0/jre/lib/i386/libnet.so
7ebd2000-7ebd5000 r--s 00077000 08:06 678917     /usr/lib/jvm/java-1.6.0-openjdk-1.6.0/jre/lib/ext/localedata.jar
7ebd5000-7ebda000 r--s 00040000 08:07 8915711    /home/othman/play-1.1.1/framework/lib/commons-lang-2.5.jar
7ebda000-7ebdc000 r--s 0000c000 08:07 8915699    /home/othman/play-1.1.1/framework/lib/activation-1.1.1.jar
7ebdc000-7ebde000 r--s 0000b000 08:07 8915731    /home/othman/play-1.1.1/framework/lib/jj-textile.jar
7ebde000-7ebdf000 r--s 00002000 08:07 8915747    /home/othman/play-1.1.1/framework/lib/slf4j-log4j12-1.6.1.jar
7ebdf000-7ebe1000 r--s 00015000 08:07 8915730    /home/othman/play-1.1.1/framework/lib/jj-simplecaptcha.jar
7ebe1000-7ebe8000 r--s 00038000 08:07 8915732    /home/othman/play-1.1.1/framework/lib/jj-wikitext.jar
7ebe8000-7ebec000 r--s 00025000 08:07 8915717    /home/othman/play-1.1.1/framework/lib/gson-1.4.jar
7ebec000-7ebee000 r--s 00015000 08:07 8915734    /home/othman/play-1.1.1/framework/lib/jregex-1.2_01.jar
7ebee000-7ebf0000 r--s 0000d000 08:07 8915712    /home/othman/play-1.1.1/framework/lib/commons-logging-1.1.1.jar
7ebf0000-7ebff000 r--s 00074000 08:07 8915733    /home/othman/play-1.1.1/framework/lib/jodatime-1.6.jar
7ebff000-7ec28000 r--s 00403000 08:07 8915742    /home/othman/play-1.1.1/framework/lib/org.eclipse.jdt.core_3.6.0.jar
7ec28000-7ec2b000 r--s 0000f000 08:07 8915744    /home/othman/play-1.1.1/framework/lib/provided-servlet-2.5.jar
7ec2b000-7ec32000 r--s 00059000 08:07 8915738    /home/othman/play-1.1.1/framework/lib/log4j-1.2.15.jar
7ec32000-7ec38000 r--s 00054000 08:07 8915718    /home/othman/play-1.1.1/framework/lib/hibernate-annotations-3.5.6-Final.jar
7ec38000-7ec3d000 r--s 00034000 08:07 8915705    /home/othman/play-1.1.1/framework/lib/commons-beanutils-1.8.3.jar
7ec3d000-7ec64000 r--s 0024c000 08:07 8915720    /home/othman/play-1.1.1/framework/lib/hibernate-core-3.5.6-Final-patched.jar
7ec64000-7ec66000 r--s 0000b000 08:07 8915709    /home/othman/play-1.1.1/framework/lib/commons-fileupload-1.2.jar
7ec66000-7ec6b000 r--s 00036000 08:07 8915701    /home/othman/play-1.1.1/framework/lib/async-http-client-1.4.0.jar
7ec6b000-7ecba000 r--s 004b1000 08:07 8915716    /home/othman/play-1.1.1/framework/lib/groovy-all-1.7.1.jar
7ecba000-7ecc3000 r--s 000a6000 08:07 8915723    /home/othman/play-1.1.1/framework/lib/hsqldb-1.8.1.2.jar
7ecc3000-7ecc5000 r--s 00008000 08:07 8915745    /home/othman/play-1.1.1/framework/lib/signpost-core-1.2.jar
7ecc5000-7ecca000 r--s 00048000 08:07 8915713    /home/othman/play-1.1.1/framework/lib/dom4j-1.6.1.jar
7ecca000-7ecd1000 r--s 00049000 08:07 8915743    /home/othman/play-1.1.1/framework/lib/oval-1.50.jar
7ecd1000-7ecd7000 r--s 00049000 08:07 8915704    /home/othman/play-1.1.1/framework/lib/cglib-2.2.jar
7ecd7000-7ecdd000 r--s 00032000 08:07 8915728    /home/othman/play-1.1.1/framework/lib/jaxen-1.1.jar
7ecdd000-7ece8000 r--s 0008b000 08:07 8915703    /home/othman/play-1.1.1/framework/lib/c3p0-0.9.1.2.jar
7ece8000-7ecf1000 r--s 0005d000 08:07 8915721    /home/othman/play-1.1.1/framework/lib/hibernate-entitymanager-3.5.6-Final.jar
7ecf1000-7ed00000 r--s 000b1000 08:07 8915741    /home/othman/play-1.1.1/framework/lib/netty-3.2.2.Final.jar
7ed00000-7edfd000 rw-p 00000000 00:00 0 
7edfd000-7ee00000 ---p 00000000 00:00 0 
7ee00000-7ee02000 r--s 00013000 08:06 679006     /usr/lib/jvm/java-1.6.0-openjdk-1.6.0/jre/lib/jce.jar
7ee02000-7ee04000 r--s 00013000 08:06 679006     /usr/lib/jvm/java-1.6.0-openjdk-1.6.0/jre/lib/jce.jar
7ee04000-7ee05000 r--s 00007000 08:07 8915708    /home/othman/play-1.1.1/framework/lib/commons-email-1.2.jar
7ee05000-7ee07000 r--s 0000d000 08:07 8915706    /home/othman/play-1.1.1/framework/lib/commons-codec-1.4.jar
7ee07000-7ee0a000 r--s 0000f000 08:07 8915719    /home/othman/play-1.1.1/framework/lib/hibernate-commons-annotations-3.2.0.Final.jar
7ee0a000-7ee10000 r--s 00034000 08:07 8915737    /home/othman/play-1.1.1/framework/lib/junit-4.8.1.jar
7ee10000-7ee13000 r--s 00018000 08:07 8915710    /home/othman/play-1.1.1/framework/lib/commons-io-1.4.jar
7ee13000-7ee1a000 r--s 0006a000 08:07 8915725    /home/othman/play-1.1.1/framework/lib/javamail-1.4.3.jar
7ee1a000-7ee24000 r--s 0006f000 08:07 8915714    /home/othman/play-1.1.1/framework/lib/ehcache-core-2.0.0.jar
7ee24000-7ee26000 r--s 00001000 08:07 8915735    /home/othman/play-1.1.1/framework/lib/jsr107cache-1.0.jar
7ee26000-7ee33000 r--s 0007c000 08:07 8915707    /home/othman/play-1.1.1/framework/lib/commons-collections-3.1.jar
7ee33000-7ee3b000 r--s 0008a000 08:07 8915726    /home/othman/play-1.1.1/framework/lib/javassist-3.9.0.GA.jar
7ee3b000-7ee3c000 r--s 00000000 08:07 8915727    /home/othman/play-1.1.1/framework/lib/javax.inject-1.0.jar
7ee3c000-7ee43000 r--s 000b5000 08:07 8915740    /home/othman/play-1.1.1/framework/lib/mysql-connector-java-5.1.13-bin.jar
7ee43000-7ee49000 r--s 00067000 08:07 8915700    /home/othman/play-1.1.1/framework/lib/antlr-2.7.6.jar
7ee49000-7ee6e000 r--s 00172000 08:07 8915702    /home/othman/play-1.1.1/framework/lib/bcprov-jdk15-145.jar
7ee6e000-7ee71000 r--s 00011000 08:07 8915715    /home/othman/play-1.1.1/framework/lib/ezmorph-1.0.3.jar
7ee71000-7ee73000 r--s 00002000 08:07 8915736    /home/othman/play-1.1.1/framework/lib/jta-1.1.jar
7ee73000-7ee79000 r--s 00033000 08:07 8915748    /home/othman/play-1.1.1/framework/lib/snakeyaml-1.6.jar
7ee79000-7ee7e000 r--s 00020000 08:07 8915729    /home/othman/play-1.1.1/framework/lib/jj-imaging.jar
7ee7e000-7ee83000 r--s 00037000 08:07 8915739    /home/othman/play-1.1.1/framework/lib/memcached-2.4.2.jar
7ee83000-7ee88000 r--s 00014000 08:07 8915722    /home/othman/play-1.1.1/framework/lib/hibernate-jpa-2.0-api-1.0.0.Final.jar
7ee88000-7ee8a000 r--s 00005000 08:07 8915746    /home/othman/play-1.1.1/framework/lib/slf4j-api-1.6.1.jar
7ee8a000-7ee8d000 r--s 00022000 08:07 8915724    /home/othman/play-1.1.1/framework/lib/jamon-2.7.jar
7ee8d000-7ee98000 r--s 00073000 08:07 9307264    /home/othman/Development/Java/workspace/talkabouthealth/lib/smackx.jar
7ee98000-7ee99000 ---p 00000000 00:00 0 
7ee99000-7ef19000 rw-p 00000000 00:00 0 
7ef19000-7ef1c000 ---p 00000000 00:00 0 
7ef1c000-7ef6a000 rw-p 00000000 00:00 0 
7ef6a000-7ef6d000 ---p 00000000 00:00 0 
7ef6d000-7efeb000 rw-p 00000000 00:00 0 
7efeb000-7efee000 ---p 00000000 00:00 0 
7efee000-7f06c000 rw-p 00000000 00:00 0 
7f06c000-7f06f000 ---p 00000000 00:00 0 
7f06f000-7f0bd000 rw-p 00000000 00:00 0 
7f0bd000-7f0c0000 ---p 00000000 00:00 0 
7f0c0000-7f10e000 rw-p 00000000 00:00 0 
7f10e000-7f11a000 r-xp 00000000 08:06 262654     /lib/libnss_files-2.11.3.so
7f11a000-7f11b000 r--p 0000b000 08:06 262654     /lib/libnss_files-2.11.3.so
7f11b000-7f11c000 rw-p 0000c000 08:06 262654     /lib/libnss_files-2.11.3.so
7f11d000-7f121000 r--s 00030000 08:07 9307259    /home/othman/Development/Java/workspace/talkabouthealth/lib/mongo-2.1.jar
7f121000-7f126000 r--s 00036000 08:07 9307262    /home/othman/Development/Java/workspace/talkabouthealth/lib/skype_win32.jar
7f126000-7f128000 r--s 0000b000 08:07 9307265    /home/othman/Development/Java/workspace/talkabouthealth/lib/tah-im.jar
7f128000-7f129000 r--s 00007000 08:07 9307258    /home/othman/Development/Java/workspace/talkabouthealth/lib/lucene-queries-2.3.1.jar
7f129000-7f12f000 r--s 00040000 08:07 9307263    /home/othman/Development/Java/workspace/talkabouthealth/lib/smack.jar
7f12f000-7f131000 r--s 00012000 08:07 9307255    /home/othman/Development/Java/workspace/talkabouthealth/lib/lucene-analyzers-2.3.1.jar
7f131000-7f13d000 r--s 00097000 08:07 9307256    /home/othman/Development/Java/workspace/talkabouthealth/lib/lucene-core-2.3.1.jar
7f13d000-7f146000 r--s 00050000 08:07 9307254    /home/othman/Development/Java/workspace/talkabouthealth/lib/jml-1.0b3-full.jar
7f146000-7f149000 ---p 00000000 00:00 0 
7f149000-7f197000 rw-p 00000000 00:00 0 
7f197000-7f19a000 ---p 00000000 00:00 0 
7f19a000-7f1e8000 rw-p 00000000 00:00 0 
7f1e8000-7f1e9000 ---p 00000000 00:00 0 
7f1e9000-7f269000 rw-p 00000000 00:00 0 
7f269000-7f400000 r--s 03992000 08:06 679025     /usr/lib/jvm/java-1.6.0-openjdk-1.6.0/jre/lib/rt.jar
7f400000-7f500000 rw-p 00000000 00:00 0 
7f500000-7f502000 r--s 00009000 08:07 9307261    /home/othman/Development/Java/workspace/talkabouthealth/lib/signpost-core-1.2.1.1.jar
7f502000-7f503000 r--s 00006000 08:07 9307257    /home/othman/Development/Java/workspace/talkabouthealth/lib/lucene-highlighter-2.3.1.jar
7f503000-7f508000 r--s 00040000 08:07 9307253    /home/othman/Development/Java/workspace/talkabouthealth/lib/commons-httpclient.jar
7f508000-7f50c000 r--s 0002c000 08:07 9307260    /home/othman/Development/Java/workspace/talkabouthealth/lib/openymsg-0.5.0.jar
7f50c000-7f50d000 rw-p 00000000 00:00 0 
7f50d000-7f510000 r-xp 00000000 08:06 678956     /usr/lib/jvm/java-1.6.0-openjdk-1.6.0/jre/lib/i386/libdt_socket.so
7f510000-7f511000 r--p 00002000 08:06 678956     /usr/lib/jvm/java-1.6.0-openjdk-1.6.0/jre/lib/i386/libdt_socket.so
7f511000-7f512000 rw-p 00003000 08:06 678956     /usr/lib/jvm/java-1.6.0-openjdk-1.6.0/jre/lib/i386/libdt_socket.so
7f512000-7f516000 r--s 0007c000 08:06 679008     /usr/lib/jvm/java-1.6.0-openjdk-1.6.0/jre/lib/jsse.jar
7f516000-7f51e000 r--s 0008c000 08:07 8915751    /home/othman/play-1.1.1/framework/play.jar
7f51e000-7f521000 r--s 0000f000 08:06 678919     /usr/lib/jvm/java-1.6.0-openjdk-1.6.0/jre/lib/ext/pulse-java.jar
7f521000-7f52a000 r--s 00065000 08:06 678916     /usr/lib/jvm/java-1.6.0-openjdk-1.6.0/jre/lib/ext/gnome-java-bridge.jar
7f52a000-7f52d000 ---p 00000000 00:00 0 
7f52d000-7f57b000 rw-p 00000000 00:00 0 
7f57b000-7f57d000 r--s 0001d000 08:06 679020     /usr/lib/jvm/java-1.6.0-openjdk-1.6.0/jre/lib/plugin.jar
7f57d000-7f582000 r--s 00044000 08:06 679019     /usr/lib/jvm/java-1.6.0-openjdk-1.6.0/jre/lib/netx.jar
7f582000-7f5b5000 rw-p 00000000 00:00 0 
7f5b5000-7f5b6000 ---p 00000000 00:00 0 
7f5b6000-7f636000 rw-p 00000000 00:00 0 
7f636000-7f637000 ---p 00000000 00:00 0 
7f637000-7f6c6000 rw-p 00000000 00:00 0 
7f6c6000-7f6f7000 rw-p 00000000 00:00 0 
7f6f7000-7f708000 rw-p 00000000 00:00 0 
7f708000-7f7e1000 rw-p 00000000 00:00 0 
7f7e1000-7f7f0000 rw-p 00000000 00:00 0 
7f7f0000-7f821000 rw-p 00000000 00:00 0 
7f821000-7f832000 rw-p 00000000 00:00 0 
7f832000-7f90a000 rw-p 00000000 00:00 0 
7f90a000-7f93d000 rw-p 00000000 00:00 0 
7f93d000-7f94f000 ---p 00000000 00:00 0 
7f94f000-7f97f000 rw-p 00000000 00:00 0 
7f97f000-81700000 rw-p 00000000 00:00 0 
81700000-87980000 rw-p 00000000 00:00 0 
87980000-89ae0000 rw-p 00000000 00:00 0 
89ae0000-a4c30000 rw-p 00000000 00:00 0 
a4c30000-ab040000 rw-p 00000000 00:00 0 
ab040000-ad3a0000 ---p 00000000 00:00 0 
ad3a0000-b3580000 rw-p 00000000 00:00 0 
b3580000-b359b000 rw-p 00000000 00:00 0 
b359b000-b3640000 rw-p 00000000 00:00 0 
b3640000-b3cd0000 rwxp 00000000 00:00 0 
b3cd0000-b6640000 rw-p 00000000 00:00 0 
b6640000-b6647000 r-xp 00000000 08:06 678984     /usr/lib/jvm/java-1.6.0-openjdk-1.6.0/jre/lib/i386/libzip.so
b6647000-b6648000 r--p 00006000 08:06 678984     /usr/lib/jvm/java-1.6.0-openjdk-1.6.0/jre/lib/i386/libzip.so
b6648000-b6649000 rw-p 00007000 08:06 678984     /usr/lib/jvm/java-1.6.0-openjdk-1.6.0/jre/lib/i386/libzip.so
b6649000-b6651000 rw-s 00000000 08:06 396354     /tmp/hsperfdata_othman/488
b6651000-b6690000 r--p 00000000 08:06 661888     /usr/lib/locale/en_US.utf8/LC_CTYPE
b6690000-b6691000 r--p 00000000 08:06 661878     /usr/lib/locale/en_US.utf8/LC_NUMERIC
b6691000-b6692000 r--p 00000000 08:06 787201     /usr/lib/locale/en_US.utf8/LC_TIME
b6692000-b67af000 r--p 00000000 08:06 661887     /usr/lib/locale/en_US.utf8/LC_COLLATE
b67af000-b67b0000 r--p 00000000 08:06 787197     /usr/lib/locale/en_US.utf8/LC_MONETARY
b67b0000-b67b1000 r--p 00000000 08:06 786892     /usr/lib/locale/en_US.utf8/LC_MESSAGES/SYS_LC_MESSAGES
b67b1000-b67b2000 r--p 00000000 08:06 662079     /usr/lib/locale/en_US.utf8/LC_PAPER
b67b2000-b67b3000 r--p 00000000 08:06 662456     /usr/lib/locale/en_US.utf8/LC_NAME
b67b3000-b67b4000 r--p 00000000 08:06 787199     /usr/lib/locale/en_US.utf8/LC_ADDRESS
b67b4000-b67b5000 r--p 00000000 08:06 786897     /usr/lib/locale/en_US.utf8/LC_TELEPHONE
b67b5000-b67bc000 r--s 00000000 08:06 666387     /usr/lib/gconv/gconv-modules.cache
b67bc000-b67f2000 r-xp 00000000 08:06 678967     /usr/lib/jvm/java-1.6.0-openjdk-1.6.0/jre/lib/i386/libjdwp.so
b67f2000-b67f3000 r--p 00035000 08:06 678967     /usr/lib/jvm/java-1.6.0-openjdk-1.6.0/jre/lib/i386/libjdwp.so
b67f3000-b67f4000 rw-p 00036000 08:06 678967     /usr/lib/jvm/java-1.6.0-openjdk-1.6.0/jre/lib/i386/libjdwp.so
b67f4000-b6818000 r-xp 00000000 08:06 678964     /usr/lib/jvm/java-1.6.0-openjdk-1.6.0/jre/lib/i386/libjava.so
b6818000-b6819000 r--p 00023000 08:06 678964     /usr/lib/jvm/java-1.6.0-openjdk-1.6.0/jre/lib/i386/libjava.so
b6819000-b681b000 rw-p 00024000 08:06 678964     /usr/lib/jvm/java-1.6.0-openjdk-1.6.0/jre/lib/i386/libjava.so
b681b000-b6823000 r-xp 00000000 08:06 262795     /lib/librt-2.11.3.so
b6823000-b6824000 r--p 00007000 08:06 262795     /lib/librt-2.11.3.so
b6824000-b6825000 rw-p 00008000 08:06 262795     /lib/librt-2.11.3.so
b6825000-b6828000 ---p 00000000 00:00 0 
b6828000-b6876000 rw-p 00000000 00:00 0 
b6876000-b689e000 r-xp 00000000 08:06 262653     /lib/libm-2.11.3.so
b689e000-b689f000 r--p 00027000 08:06 262653     /lib/libm-2.11.3.so
b689f000-b68a0000 rw-p 00028000 08:06 262653     /lib/libm-2.11.3.so
b68a0000-b70fd000 r-xp 00000000 08:06 678990     /usr/lib/jvm/java-1.6.0-openjdk-1.6.0/jre/lib/i386/server/libjvm.so
b70fd000-b7142000 r--p 0085d000 08:06 678990     /usr/lib/jvm/java-1.6.0-openjdk-1.6.0/jre/lib/i386/server/libjvm.so
b7142000-b7151000 rw-p 008a2000 08:06 678990     /usr/lib/jvm/java-1.6.0-openjdk-1.6.0/jre/lib/i386/server/libjvm.so
b7151000-b7571000 rw-p 00000000 00:00 0 
b7571000-b7586000 r-xp 00000000 08:06 262368     /lib/libz.so.1.2.5
b7586000-b7587000 r--p 00014000 08:06 262368     /lib/libz.so.1.2.5
b7587000-b7588000 rw-p 00015000 08:06 262368     /lib/libz.so.1.2.5
b7588000-b76ee000 r-xp 00000000 08:06 262814     /lib/libc-2.11.3.so
b76ee000-b76ef000 ---p 00166000 08:06 262814     /lib/libc-2.11.3.so
b76ef000-b76f1000 r--p 00166000 08:06 262814     /lib/libc-2.11.3.so
b76f1000-b76f2000 rw-p 00168000 08:06 262814     /lib/libc-2.11.3.so
b76f2000-b76f6000 rw-p 00000000 00:00 0 
b76f6000-b76f9000 r-xp 00000000 08:06 262822     /lib/libdl-2.11.3.so
b76f9000-b76fa000 r--p 00002000 08:06 262822     /lib/libdl-2.11.3.so
b76fa000-b76fb000 rw-p 00003000 08:06 262822     /lib/libdl-2.11.3.so
b76fb000-b76fe000 r-xp 00000000 08:06 678952     /usr/lib/jvm/java-1.6.0-openjdk-1.6.0/jre/lib/i386/jli/libjli.so
b76fe000-b76ff000 r--p 00003000 08:06 678952     /usr/lib/jvm/java-1.6.0-openjdk-1.6.0/jre/lib/i386/jli/libjli.so
b76ff000-b7700000 rw-p 00004000 08:06 678952     /usr/lib/jvm/java-1.6.0-openjdk-1.6.0/jre/lib/i386/jli/libjli.so
b7700000-b7717000 r-xp 00000000 08:06 262372     /lib/libpthread-2.11.3.so
b7717000-b7718000 r--p 00016000 08:06 262372     /lib/libpthread-2.11.3.so
b7718000-b7719000 rw-p 00017000 08:06 262372     /lib/libpthread-2.11.3.so
b7719000-b771b000 rw-p 00000000 00:00 0 
b771b000-b771c000 r--p 00000000 08:06 787196     /usr/lib/locale/en_US.utf8/LC_MEASUREMENT
b771c000-b771d000 r--p 00000000 08:06 787200     /usr/lib/locale/en_US.utf8/LC_IDENTIFICATION
b771d000-b7720000 r-xp 00000000 08:06 678977     /usr/lib/jvm/java-1.6.0-openjdk-1.6.0/jre/lib/i386/libnpt.so
b7720000-b7721000 r--p 00002000 08:06 678977     /usr/lib/jvm/java-1.6.0-openjdk-1.6.0/jre/lib/i386/libnpt.so
b7721000-b7722000 rw-p 00003000 08:06 678977     /usr/lib/jvm/java-1.6.0-openjdk-1.6.0/jre/lib/i386/libnpt.so
b7722000-b772b000 r-xp 00000000 08:06 678959     /usr/lib/jvm/java-1.6.0-openjdk-1.6.0/jre/lib/i386/libinstrument.so
b772b000-b772c000 r--p 00008000 08:06 678959     /usr/lib/jvm/java-1.6.0-openjdk-1.6.0/jre/lib/i386/libinstrument.so
b772c000-b772d000 rw-p 00009000 08:06 678959     /usr/lib/jvm/java-1.6.0-openjdk-1.6.0/jre/lib/i386/libinstrument.so
b772d000-b7734000 r-xp 00000000 08:06 678986     /usr/lib/jvm/java-1.6.0-openjdk-1.6.0/jre/lib/i386/native_threads/libhpi.so
b7734000-b7735000 r--p 00006000 08:06 678986     /usr/lib/jvm/java-1.6.0-openjdk-1.6.0/jre/lib/i386/native_threads/libhpi.so
b7735000-b7736000 rw-p 00007000 08:06 678986     /usr/lib/jvm/java-1.6.0-openjdk-1.6.0/jre/lib/i386/native_threads/libhpi.so
b7736000-b7737000 rw-p 00000000 00:00 0 
b7737000-b7738000 r--p 00000000 00:00 0 
b7738000-b7743000 r-xp 00000000 08:06 678983     /usr/lib/jvm/java-1.6.0-openjdk-1.6.0/jre/lib/i386/libverify.so
b7743000-b7744000 r--p 0000b000 08:06 678983     /usr/lib/jvm/java-1.6.0-openjdk-1.6.0/jre/lib/i386/libverify.so
b7744000-b7745000 rw-p 0000c000 08:06 678983     /usr/lib/jvm/java-1.6.0-openjdk-1.6.0/jre/lib/i386/libverify.so
b7745000-b7746000 rw-p 00000000 00:00 0 
b7746000-b7765000 r-xp 00000000 08:06 262826     /lib/ld-2.11.3.so
b7765000-b7766000 r--p 0001e000 08:06 262826     /lib/ld-2.11.3.so
b7766000-b7767000 rw-p 0001f000 08:06 262826     /lib/ld-2.11.3.so
bf83c000-bf85f000 rw-p 00000000 00:00 0          [stack]
ffffe000-fffff000 r-xp 00000000 00:00 0          [vdso]

VM Arguments:
jvm_args: -javaagent:/home/othman/play-1.1.1/framework/play.jar -Dplay.debug=yes -Xrunjdwp:transport=dt_socket,address=8000,server=y,suspend=n -Xdebug -Xms50m -Xmx700m -Dapplication.path=/home/othman/Development/Java/workspace/talkabouthealth -Dplay.id=othman 
java_command: play.server.Server 
Launcher Type: SUN_STANDARD

Environment Variables:
JAVA_HOME=/usr/lib/jvm/java-1.6.0-openjdk-1.6.0
JRE_HOME=/usr/lib/jvm/java-1.6.0-openjdk-1.6.0/jre
PATH=/home/othman/mongodb-linux-i686-1.8.1/bin:/home/othman/play-1.1.1:/home/othman/apache-maven-3.0.3/bin:/usr/lib/jvm/java-1.6.0-openjdk-1.6.0/bin:/home/othman/mongodb-linux-i686-1.8.1/bin:/home/othman/play-1.1.1:/home/othman/apache-maven-3.0.3/bin:/usr/lib/jvm/java-1.6.0-openjdk-1.6.0/bin:/home/othman/mongodb-linux-i686-1.8.1/bin:/home/othman/play-1.1.1:/home/othman/apache-maven-3.0.3/bin:/usr/lib/jvm/java-1.6.0-openjdk-1.6.0/bin:/usr/lib/mpi/gcc/openmpi/bin:/home/othman/bin:/usr/local/bin:/usr/bin:/bin:/usr/bin/X11:/usr/X11R6/bin:/usr/games:/opt/kde3/bin:/usr/lib/mit/bin:/usr/lib/mit/sbin
LD_LIBRARY_PATH=/usr/lib/jvm/java-1.6.0-openjdk-1.6.0/jre/lib/i386/server:/usr/lib/jvm/java-1.6.0-openjdk-1.6.0/jre/lib/i386:/usr/lib/jvm/java-1.6.0-openjdk-1.6.0/jre/../lib/i386:/usr/lib/mpi/gcc/openmpi/lib
SHELL=/bin/bash
DISPLAY=:0
HOSTTYPE=i386
OSTYPE=linux
MACHTYPE=i686-suse-linux

Signal Handlers:
SIGSEGV: [libjvm.so+0x698280], sa_mask[0]=0x7ffbfeff, sa_flags=0x10000004
SIGBUS: [libjvm.so+0x698280], sa_mask[0]=0x7ffbfeff, sa_flags=0x10000004
SIGFPE: [libjvm.so+0x54faa0], sa_mask[0]=0x7ffbfeff, sa_flags=0x10000004
SIGPIPE: SIG_IGN, sa_mask[0]=0x00000000, sa_flags=0x00000000
SIGXFSZ: [libjvm.so+0x54faa0], sa_mask[0]=0x7ffbfeff, sa_flags=0x10000004
SIGILL: [libjvm.so+0x54faa0], sa_mask[0]=0x7ffbfeff, sa_flags=0x10000004
SIGUSR1: SIG_DFL, sa_mask[0]=0x00000000, sa_flags=0x00000000
SIGUSR2: [libjvm.so+0x54f940], sa_mask[0]=0x00000000, sa_flags=0x10000004
SIGHUP: [libjvm.so+0x5527f0], sa_mask[0]=0x7ffbfeff, sa_flags=0x10000004
SIGINT: [libjvm.so+0x5527f0], sa_mask[0]=0x7ffbfeff, sa_flags=0x10000004
SIGTERM: [libjvm.so+0x5527f0], sa_mask[0]=0x7ffbfeff, sa_flags=0x10000004
SIGQUIT: [libjvm.so+0x5527f0], sa_mask[0]=0x7ffbfeff, sa_flags=0x10000004


---------------  S Y S T E M  ---------------

OS:openSUSE 11.4 (i586)
VERSION = 11.4
CODENAME = Celadon

uname:Linux 2.6.37.6-0.5-desktop #1 SMP PREEMPT 2011-04-25 21:48:33 +0200 i686
libc:glibc 2.11.3 NPTL 2.11.3 
rlimit: STACK 8192k, CORE 0k, NPROC 15586, NOFILE 8192, AS 3283760k
load average:0.13 0.28 0.25

/proc/meminfo:
MemTotal:        2006524 kB
MemFree:           75076 kB
Buffers:           15844 kB
Cached:           538416 kB
SwapCached:         1252 kB
Active:          1107440 kB
Inactive:         711932 kB
Active(anon):     991048 kB
Inactive(anon):   575248 kB
Active(file):     116392 kB
Inactive(file):   136684 kB
Unevictable:           0 kB
Mlocked:               0 kB
HighTotal:       1140776 kB
HighFree:           1700 kB
LowTotal:         865748 kB
LowFree:           73376 kB
SwapTotal:       2098172 kB
SwapFree:        2028132 kB
Dirty:               444 kB
Writeback:             0 kB
AnonPages:       1264120 kB
Mapped:           102068 kB
Shmem:            301084 kB
Slab:              60624 kB
SReclaimable:      27968 kB
SUnreclaim:        32656 kB
KernelStack:        5512 kB
PageTables:        20516 kB
NFS_Unstable:          0 kB
Bounce:                0 kB
WritebackTmp:          0 kB
CommitLimit:     3101432 kB
Committed_AS:    3805280 kB
VmallocTotal:     122880 kB
VmallocUsed:       26696 kB
VmallocChunk:      45932 kB
HardwareCorrupted:     0 kB
HugePages_Total:       0
HugePages_Free:        0
HugePages_Rsvd:        0
HugePages_Surp:        0
Hugepagesize:       2048 kB
DirectMap4k:       10232 kB
DirectMap2M:      892928 kB


CPU:total 2 (2 cores per cpu, 1 threads per core) family 6 model 23 stepping 10, cmov, cx8, fxsr, mmx, sse, sse2, sse3, ssse3, sse4.1

Memory: 4k page, physical 2006524k(75076k free), swap 2098172k(2028132k free)

vm_info: OpenJDK Server VM (19.0-b09) for linux-x86 JRE (1.6.0_20-b20), built on Feb 27 2011 12:56:15 by "abuild" with gcc 4.5.1 20101208 [gcc-4_5-branch revision 167585]

time: Thu May 19 20:04:42 2011
elapsed time: 754 seconds

