#
# A fatal error has been detected by the Java Runtime Environment:
#
#  SIGSEGV (0xb) at pc=0xb6ec07cc, pid=31451, tid=2132605808
#
# JRE version: 6.0_20-b20
# Java VM: OpenJDK Server VM (19.0-b09 mixed mode linux-x86 )
# Derivative: IcedTea6 1.9.7
# Distribution: Dummy Product (i586), package suse-1.2.1-i386
# Problematic frame:
# V  [libjvm.so+0x4c67cc]
#
# If you would like to submit a bug report, please include
# instructions how to reproduce the bug and visit:
#   http://icedtea.classpath.org/bugzilla
#

---------------  T H R E A D  ---------------

Current thread (0x7f334800):  JavaThread "CompilerThread0" daemon [_thread_in_native, id=31461, stack(0x7f14f000,0x7f1d0000)]

siginfo:si_signo=SIGSEGV: si_errno=0, si_code=1 (SEGV_MAPERR), si_addr=0x00000004

Registers:
EAX=0x00000000, EBX=0xb729bff4, ECX=0x08663800, EDX=0x0915b0e0
ESP=0x7f1cda10, EBP=0x0915b0e0, ESI=0x7f1ce2ec, EDI=0x7bc38018
EIP=0xb6ec07cc, CR2=0x00000004, EFLAGS=0x00010287

Register to memory mapping:

EAX=0x00000000
0x00000000 is pointing to unknown location

EBX=0xb729bff4
0xb729bff4: <offset 0x8a1ff4> in /usr/lib/jvm/java-1.6.0-openjdk-1.6.0/jre/lib/i386/server/libjvm.so at 0xb69fa000

ECX=0x08663800
0x08663800 is pointing to unknown location

EDX=0x0915b0e0
0x0915b0e0 is pointing to unknown location

ESP=0x7f1cda10
0x7f1cda10 is pointing into the stack for thread: 0x7f334800
"CompilerThread0" daemon prio=10 tid=0x7f334800 nid=0x7ae5 runnable [0x00000000]
   java.lang.Thread.State: RUNNABLE

EBP=0x0915b0e0
0x0915b0e0 is pointing to unknown location

ESI=0x7f1ce2ec
0x7f1ce2ec is pointing into the stack for thread: 0x7f334800
"CompilerThread0" daemon prio=10 tid=0x7f334800 nid=0x7ae5 runnable [0x00000000]
   java.lang.Thread.State: RUNNABLE

EDI=0x7bc38018
0x7bc38018 is pointing to unknown location


Top of Stack: (sp=0x7f1cda10)
0x7f1cda10:   7f1ce2ec 099d9594 08f9a73c b729bff4
0x7f1cda20:   00000058 7b5c8bb0 7f1cdc60 7b5c8fb0
0x7f1cda30:   7b5c88f0 00000000 00000200 00002000
0x7f1cda40:   00000400 7f1cdc30 7f1cdc30 b6f381a6
0x7f1cda50:   086638a0 00000000 08f9a73c 7f1ce2fc
0x7f1cda60:   099df600 7bc40010 00000010 b729bff4
0x7f1cda70:   099d9594 00000002 7f1ce2ec b6ec0da4
0x7f1cda80:   7f1ce2ec 099d9594 7b5c80e8 b729bff4 

Instructions: (pc=0xb6ec07cc)
0xb6ec07bc:   00 00 00 00 8b ae d0 02 00 00 8d 54 95 00 8b 02
0xb6ec07cc:   8b 48 04 8b 39 85 ff 75 1e 8b 7e 14 8b 48 1c 31 

Stack: [0x7f14f000,0x7f1d0000],  sp=0x7f1cda10,  free space=506k
Native frames: (J=compiled Java code, j=interpreted, Vv=VM code, C=native code)
V  [libjvm.so+0x4c67cc]


Current CompileTask:
C2:1139      jregex.Pretokenizer.next()V (1064 bytes)


---------------  P R O C E S S  ---------------

Java Threads: ( => current thread )
  0x7d481800 JavaThread "pool-10-thread-1" [_thread_in_Java, id=32056, stack(0x7bfaf000,0x7c000000)]
  0x08fc4000 JavaThread "pool-8-thread-1" [_thread_blocked, id=31555, stack(0x7b6e6000,0x7b737000)]
  0x7eda6400 JavaThread "Thread-14" [_thread_blocked, id=31508, stack(0x7bbaf000,0x7bc00000)]
  0x09630c00 JavaThread "Smack Listener Processor (0)" daemon [_thread_blocked, id=31501, stack(0x7c50d000,0x7c55e000)]
  0x09478400 JavaThread "Smack Keep Alive (0)" daemon [_thread_blocked, id=31499, stack(0x7c55e000,0x7c5af000)]
  0x7eaf9800 JavaThread "OpenYMSG session ping timer" daemon [_thread_blocked, id=31497, stack(0x7c5af000,0x7c600000)]
  0x7dc4fc00 JavaThread "jYMSG Network Input thread" [_thread_in_native, id=31496, stack(0x7cd14000,0x7cd65000)]
  0x7c080400 JavaThread "jYMSG Event Dispatcher thread" [_thread_blocked, id=31494, stack(0x7d16b000,0x7d1bc000)]
  0x7dbf8800 JavaThread "AutoCloseEventGenerator0" [_thread_in_native, id=31493, stack(0x7d1bc000,0x7d20d000)]
  0x0842b400 JavaThread "Smack Packet Reader (0)" daemon [_thread_in_native, id=31492, stack(0x7d20d000,0x7d25e000)]
  0x0842f800 JavaThread "Smack Packet Writer (0)" daemon [_thread_blocked, id=31491, stack(0x7d25e000,0x7d2af000)]
  0x7db27400 JavaThread "pool-7-thread-1" [_thread_blocked, id=31489, stack(0x7d2af000,0x7d300000)]
  0x0897b800 JavaThread "com.mchange.v2.async.ThreadPoolAsynchronousRunner$PoolThread-#2" daemon [_thread_blocked, id=31483, stack(0x7e30d000,0x7e35e000)]
  0x09051400 JavaThread "com.mchange.v2.async.ThreadPoolAsynchronousRunner$PoolThread-#1" daemon [_thread_blocked, id=31482, stack(0x7e35e000,0x7e3af000)]
  0x08bac800 JavaThread "com.mchange.v2.async.ThreadPoolAsynchronousRunner$PoolThread-#0" daemon [_thread_blocked, id=31481, stack(0x7e3af000,0x7e400000)]
  0x085df800 JavaThread "Timer-0" daemon [_thread_blocked, id=31480, stack(0x7e90d000,0x7e95e000)]
  0x08172800 JavaThread "net.sf.ehcache.CacheManager@69695f" daemon [_thread_blocked, id=31479, stack(0x7e95e000,0x7e9af000)]
  0x7edf5400 JavaThread "pool-5-thread-1" [_thread_blocked, id=31473, stack(0x7ecaf000,0x7ed00000)]
  0x7ed8a000 JavaThread "DestroyJavaVM" [_thread_blocked, id=31452, stack(0xb697f000,0xb69d0000)]
  0x7f398400 JavaThread "New I/O server boss #1 ([id: 0x002d7440, /0:0:0:0:0:0:0:0:9000])" [_thread_in_native, id=31465, stack(0x7ec4b000,0x7ec9c000)]
  0x7f338800 JavaThread "Low Memory Detector" daemon [_thread_blocked, id=31463, stack(0x7f07d000,0x7f0ce000)]
  0x7f336800 JavaThread "CompilerThread1" daemon [_thread_blocked, id=31462, stack(0x7f0ce000,0x7f14f000)]
=>0x7f334800 JavaThread "CompilerThread0" daemon [_thread_in_native, id=31461, stack(0x7f14f000,0x7f1d0000)]
  0x7f332c00 JavaThread "JDWP Event Helper Thread" daemon [_thread_blocked, id=31460, stack(0x7f1d0000,0x7f221000)]
  0x7f330400 JavaThread "JDWP Transport Listener: dt_socket" daemon [_thread_in_native, id=31459, stack(0x7f221000,0x7f272000)]
  0x7f30f800 JavaThread "Signal Dispatcher" daemon [_thread_blocked, id=31458, stack(0x7f2af000,0x7f300000)]
  0x7f300800 JavaThread "Finalizer" daemon [_thread_blocked, id=31457, stack(0x7f411000,0x7f462000)]
  0x080e9800 JavaThread "Reference Handler" daemon [_thread_blocked, id=31456, stack(0x7f462000,0x7f4b3000)]

Other Threads:
  0x080e5800 VMThread [stack: 0x7f4b3000,0x7f534000] [id=31455]
  0x7f342800 WatcherThread [stack: 0x7effc000,0x7f07d000] [id=31464]

VM state:not at safepoint (normal execution)

VM Mutex/Monitor currently owned by a thread: None

Heap
 PSYoungGen      total 91968K, used 36058K [0xa4d80000, 0xafd40000, 0xb36d0000)
  eden space 89728K, 37% used [0xa4d80000,0xa6e9c1c0,0xaa520000)
  from space 2240K, 97% used [0xaedb0000,0xaefd0960,0xaefe0000)
  to   space 8064K, 0% used [0xaf560000,0xaf560000,0xafd40000)
 PSOldGen        total 34176K, used 26461K [0x87ad0000, 0x89c30000, 0xa4d80000)
  object space 34176K, 77% used [0x87ad0000,0x894a7530,0x89c30000)
 PSPermGen       total 30464K, used 30384K [0x7fad0000, 0x81890000, 0x87ad0000)
  object space 30464K, 99% used [0x7fad0000,0x8187c118,0x81890000)

Dynamic libraries:
08048000-08051000 r-xp 00000000 08:06 697425     /usr/lib/jvm/java-1.6.0-openjdk-1.6.0/bin/java
08051000-08052000 r--p 00008000 08:06 697425     /usr/lib/jvm/java-1.6.0-openjdk-1.6.0/bin/java
08052000-08053000 rw-p 00009000 08:06 697425     /usr/lib/jvm/java-1.6.0-openjdk-1.6.0/bin/java
08053000-0b7f9000 rw-p 00000000 00:00 0          [heap]
7b300000-7b3f8000 rw-p 00000000 00:00 0 
7b3f8000-7b400000 ---p 00000000 00:00 0 
7b400000-7b4cc000 rw-p 00000000 00:00 0 
7b4cc000-7b500000 ---p 00000000 00:00 0 
7b500000-7b5fa000 rw-p 00000000 00:00 0 
7b5fa000-7b600000 ---p 00000000 00:00 0 
7b6e6000-7b6e9000 ---p 00000000 00:00 0 
7b6e9000-7b737000 rw-p 00000000 00:00 0 
7b900000-7b9e8000 rw-p 00000000 00:00 0 
7b9e8000-7ba00000 ---p 00000000 00:00 0 
7babc000-7babf000 ---p 00000000 00:00 0 
7babf000-7bb0d000 rw-p 00000000 00:00 0 
7bb0d000-7bb10000 ---p 00000000 00:00 0 
7bb10000-7bb5e000 rw-p 00000000 00:00 0 
7bb5e000-7bb61000 ---p 00000000 00:00 0 
7bb61000-7bbaf000 rw-p 00000000 00:00 0 
7bbaf000-7bbb2000 ---p 00000000 00:00 0 
7bbb2000-7bc00000 rw-p 00000000 00:00 0 
7bc00000-7bcf8000 rw-p 00000000 00:00 0 
7bcf8000-7bd00000 ---p 00000000 00:00 0 
7be00000-7befe000 rw-p 00000000 00:00 0 
7befe000-7bf00000 ---p 00000000 00:00 0 
7bf5e000-7bf61000 ---p 00000000 00:00 0 
7bf61000-7bfaf000 rw-p 00000000 00:00 0 
7bfaf000-7bfb2000 ---p 00000000 00:00 0 
7bfb2000-7c000000 rw-p 00000000 00:00 0 
7c000000-7c0e7000 rw-p 00000000 00:00 0 
7c0e7000-7c100000 ---p 00000000 00:00 0 
7c100000-7c1f2000 rw-p 00000000 00:00 0 
7c1f2000-7c200000 ---p 00000000 00:00 0 
7c200000-7c3ff000 rw-p 00000000 00:00 0 
7c3ff000-7c400000 ---p 00000000 00:00 0 
7c400000-7c4ff000 rw-p 00000000 00:00 0 
7c4ff000-7c500000 ---p 00000000 00:00 0 
7c50d000-7c510000 ---p 00000000 00:00 0 
7c510000-7c55e000 rw-p 00000000 00:00 0 
7c55e000-7c561000 ---p 00000000 00:00 0 
7c561000-7c5af000 rw-p 00000000 00:00 0 
7c5af000-7c5b2000 ---p 00000000 00:00 0 
7c5b2000-7c600000 rw-p 00000000 00:00 0 
7c600000-7c6f4000 rw-p 00000000 00:00 0 
7c6f4000-7c700000 ---p 00000000 00:00 0 
7c700000-7c7f6000 rw-p 00000000 00:00 0 
7c7f6000-7c800000 ---p 00000000 00:00 0 
7c800000-7c8ee000 rw-p 00000000 00:00 0 
7c8ee000-7c900000 ---p 00000000 00:00 0 
7c900000-7c9ef000 rw-p 00000000 00:00 0 
7c9ef000-7ca00000 ---p 00000000 00:00 0 
7ca00000-7caf6000 rw-p 00000000 00:00 0 
7caf6000-7cb00000 ---p 00000000 00:00 0 
7cb00000-7cc00000 rw-p 00000000 00:00 0 
7cc00000-7ccec000 rw-p 00000000 00:00 0 
7ccec000-7cd00000 ---p 00000000 00:00 0 
7cd14000-7cd17000 ---p 00000000 00:00 0 
7cd17000-7cd65000 rw-p 00000000 00:00 0 
7cd65000-7cdfd000 r-xp 00000000 08:06 534380     /usr/lib/libsqlite3.so.0.8.6
7cdfd000-7cdfe000 r--p 00098000 08:06 534380     /usr/lib/libsqlite3.so.0.8.6
7cdfe000-7cdff000 rw-p 00099000 08:06 534380     /usr/lib/libsqlite3.so.0.8.6
7cdff000-7ce00000 rw-p 00000000 00:00 0 
7ce00000-7cee9000 rw-p 00000000 00:00 0 
7cee9000-7cf00000 ---p 00000000 00:00 0 
7cf2f000-7cf82000 r-xp 00000000 08:06 262622     /lib/libfreebl3.so
7cf82000-7cf83000 ---p 00053000 08:06 262622     /lib/libfreebl3.so
7cf83000-7cf84000 r--p 00053000 08:06 262622     /lib/libfreebl3.so
7cf84000-7cf85000 rw-p 00054000 08:06 262622     /lib/libfreebl3.so
7cf85000-7cf89000 rw-p 00000000 00:00 0 
7cf89000-7cfc9000 r-xp 00000000 08:06 536928     /usr/lib/libsoftokn3.so
7cfc9000-7cfca000 r--p 00040000 08:06 536928     /usr/lib/libsoftokn3.so
7cfca000-7cfcb000 rw-p 00041000 08:06 536928     /usr/lib/libsoftokn3.so
7cfcb000-7d005000 r-xp 00000000 08:06 536952     /usr/lib/libnspr4.so
7d005000-7d006000 r--p 00039000 08:06 536952     /usr/lib/libnspr4.so
7d006000-7d007000 rw-p 0003a000 08:06 536952     /usr/lib/libnspr4.so
7d007000-7d009000 rw-p 00000000 00:00 0 
7d009000-7d020000 r-xp 00000000 08:06 536949     /usr/lib/libnssutil3.so
7d020000-7d021000 ---p 00017000 08:06 536949     /usr/lib/libnssutil3.so
7d021000-7d024000 r--p 00017000 08:06 536949     /usr/lib/libnssutil3.so
7d024000-7d025000 rw-p 0001a000 08:06 536949     /usr/lib/libnssutil3.so
7d025000-7d166000 r-xp 00000000 08:06 536900     /usr/lib/libnss3.so
7d166000-7d169000 r--p 00140000 08:06 536900     /usr/lib/libnss3.so
7d169000-7d16b000 rw-p 00143000 08:06 536900     /usr/lib/libnss3.so
7d16b000-7d16e000 ---p 00000000 00:00 0 
7d16e000-7d1bc000 rw-p 00000000 00:00 0 
7d1bc000-7d1bf000 ---p 00000000 00:00 0 
7d1bf000-7d20d000 rw-p 00000000 00:00 0 
7d20d000-7d210000 ---p 00000000 00:00 0 
7d210000-7d25e000 rw-p 00000000 00:00 0 
7d25e000-7d261000 ---p 00000000 00:00 0 
7d261000-7d2af000 rw-p 00000000 00:00 0 
7d2af000-7d2b2000 ---p 00000000 00:00 0 
7d2b2000-7d300000 rw-p 00000000 00:00 0 
7d300000-7d3f9000 rw-p 00000000 00:00 0 
7d3f9000-7d400000 ---p 00000000 00:00 0 
7d400000-7d4f4000 rw-p 00000000 00:00 0 
7d4f4000-7d500000 ---p 00000000 00:00 0 
7d500000-7d5fe000 rw-p 00000000 00:00 0 
7d5fe000-7d600000 ---p 00000000 00:00 0 
7d600000-7d6fe000 rw-p 00000000 00:00 0 
7d6fe000-7d700000 ---p 00000000 00:00 0 
7d700000-7d7f9000 rw-p 00000000 00:00 0 
7d7f9000-7d800000 ---p 00000000 00:00 0 
7d80d000-7d810000 ---p 00000000 00:00 0 
7d810000-7d85e000 rw-p 00000000 00:00 0 
7d85e000-7d861000 ---p 00000000 00:00 0 
7d861000-7d8af000 rw-p 00000000 00:00 0 
7d8af000-7d8b2000 ---p 00000000 00:00 0 
7d8b2000-7d900000 rw-p 00000000 00:00 0 
7d900000-7d9f9000 rw-p 00000000 00:00 0 
7d9f9000-7da00000 ---p 00000000 00:00 0 
7da00000-7daf9000 rw-p 00000000 00:00 0 
7daf9000-7db00000 ---p 00000000 00:00 0 
7db00000-7dbf9000 rw-p 00000000 00:00 0 
7dbf9000-7dc00000 ---p 00000000 00:00 0 
7dc00000-7dcf9000 rw-p 00000000 00:00 0 
7dcf9000-7dd00000 ---p 00000000 00:00 0 
7dd00000-7ddf9000 rw-p 00000000 00:00 0 
7ddf9000-7de00000 ---p 00000000 00:00 0 
7de00000-7def9000 rw-p 00000000 00:00 0 
7def9000-7df00000 ---p 00000000 00:00 0 
7df00000-7dff9000 rw-p 00000000 00:00 0 
7dff9000-7e000000 ---p 00000000 00:00 0 
7e000000-7e0f9000 rw-p 00000000 00:00 0 
7e0f9000-7e100000 ---p 00000000 00:00 0 
7e100000-7e1f9000 rw-p 00000000 00:00 0 
7e1f9000-7e200000 ---p 00000000 00:00 0 
7e200000-7e2fa000 rw-p 00000000 00:00 0 
7e2fa000-7e300000 ---p 00000000 00:00 0 
7e30d000-7e310000 ---p 00000000 00:00 0 
7e310000-7e35e000 rw-p 00000000 00:00 0 
7e35e000-7e361000 ---p 00000000 00:00 0 
7e361000-7e3af000 rw-p 00000000 00:00 0 
7e3af000-7e3b2000 ---p 00000000 00:00 0 
7e3b2000-7e400000 rw-p 00000000 00:00 0 
7e400000-7e5f9000 rw-p 00000000 00:00 0 
7e5f9000-7e600000 ---p 00000000 00:00 0 
7e600000-7e800000 rw-p 00000000 00:00 0 
7e800000-7e8fe000 rw-p 00000000 00:00 0 
7e8fe000-7e900000 ---p 00000000 00:00 0 
7e90d000-7e910000 ---p 00000000 00:00 0 
7e910000-7e95e000 rw-p 00000000 00:00 0 
7e95e000-7e961000 ---p 00000000 00:00 0 
7e961000-7e9af000 rw-p 00000000 00:00 0 
7e9af000-7e9b2000 ---p 00000000 00:00 0 
7e9b2000-7ea00000 rw-p 00000000 00:00 0 
7ea00000-7eafd000 rw-p 00000000 00:00 0 
7eafd000-7eb00000 ---p 00000000 00:00 0 
7eb00000-7ec00000 rw-p 00000000 00:00 0 
7ec0c000-7ec10000 r-xp 00000000 08:06 536905     /usr/lib/libplc4.so
7ec10000-7ec11000 r--p 00003000 08:06 536905     /usr/lib/libplc4.so
7ec11000-7ec12000 rw-p 00004000 08:06 536905     /usr/lib/libplc4.so
7ec3c000-7ec49000 r-xp 00000000 08:06 678962     /usr/lib/jvm/java-1.6.0-openjdk-1.6.0/jre/lib/i386/libj2pkcs11.so
7ec49000-7ec4a000 r--p 0000c000 08:06 678962     /usr/lib/jvm/java-1.6.0-openjdk-1.6.0/jre/lib/i386/libj2pkcs11.so
7ec4a000-7ec4b000 rw-p 0000d000 08:06 678962     /usr/lib/jvm/java-1.6.0-openjdk-1.6.0/jre/lib/i386/libj2pkcs11.so
7ec4b000-7ec4e000 ---p 00000000 00:00 0 
7ec4e000-7ec9c000 rw-p 00000000 00:00 0 
7ec9c000-7ec9f000 r-xp 00000000 08:06 536948     /usr/lib/libplds4.so
7ec9f000-7eca0000 r--p 00002000 08:06 536948     /usr/lib/libplds4.so
7eca0000-7eca1000 rw-p 00003000 08:06 536948     /usr/lib/libplds4.so
7eca1000-7eca7000 r-xp 00000000 08:06 678973     /usr/lib/jvm/java-1.6.0-openjdk-1.6.0/jre/lib/i386/libmanagement.so
7eca7000-7eca8000 r--p 00005000 08:06 678973     /usr/lib/jvm/java-1.6.0-openjdk-1.6.0/jre/lib/i386/libmanagement.so
7eca8000-7eca9000 rw-p 00006000 08:06 678973     /usr/lib/jvm/java-1.6.0-openjdk-1.6.0/jre/lib/i386/libmanagement.so
7eca9000-7ecaf000 r--s 000fc000 08:06 679023     /usr/lib/jvm/java-1.6.0-openjdk-1.6.0/jre/lib/resources.jar
7ecaf000-7ecb2000 ---p 00000000 00:00 0 
7ecb2000-7ed00000 rw-p 00000000 00:00 0 
7ed00000-7edfd000 rw-p 00000000 00:00 0 
7edfd000-7ee00000 ---p 00000000 00:00 0 
7ee00000-7ee02000 r--s 00013000 08:06 679006     /usr/lib/jvm/java-1.6.0-openjdk-1.6.0/jre/lib/jce.jar
7ee02000-7ee05000 r--s 00031000 08:06 678920     /usr/lib/jvm/java-1.6.0-openjdk-1.6.0/jre/lib/ext/sunjce_provider.jar
7ee05000-7ee08000 r--s 00038000 08:06 678921     /usr/lib/jvm/java-1.6.0-openjdk-1.6.0/jre/lib/ext/sunpkcs11.jar
7ee08000-7ee0a000 r--s 00013000 08:06 679006     /usr/lib/jvm/java-1.6.0-openjdk-1.6.0/jre/lib/jce.jar
7ee0a000-7ee18000 r-xp 00000000 08:06 678976     /usr/lib/jvm/java-1.6.0-openjdk-1.6.0/jre/lib/i386/libnio.so
7ee18000-7ee19000 r--p 0000d000 08:06 678976     /usr/lib/jvm/java-1.6.0-openjdk-1.6.0/jre/lib/i386/libnio.so
7ee19000-7ee1a000 rw-p 0000e000 08:06 678976     /usr/lib/jvm/java-1.6.0-openjdk-1.6.0/jre/lib/i386/libnio.so
7ee1a000-7ee2e000 r-xp 00000000 08:06 678975     /usr/lib/jvm/java-1.6.0-openjdk-1.6.0/jre/lib/i386/libnet.so
7ee2e000-7ee2f000 r--p 00013000 08:06 678975     /usr/lib/jvm/java-1.6.0-openjdk-1.6.0/jre/lib/i386/libnet.so
7ee2f000-7ee30000 rw-p 00014000 08:06 678975     /usr/lib/jvm/java-1.6.0-openjdk-1.6.0/jre/lib/i386/libnet.so
7ee30000-7ee33000 r--s 00077000 08:06 678917     /usr/lib/jvm/java-1.6.0-openjdk-1.6.0/jre/lib/ext/localedata.jar
7ee33000-7ee38000 r--s 00040000 08:07 8915711    /home/othman/play-1.1.1/framework/lib/commons-lang-2.5.jar
7ee38000-7ee3a000 r--s 0000c000 08:07 8915699    /home/othman/play-1.1.1/framework/lib/activation-1.1.1.jar
7ee3a000-7ee3c000 r--s 0000b000 08:07 8915731    /home/othman/play-1.1.1/framework/lib/jj-textile.jar
7ee3c000-7ee3d000 r--s 00002000 08:07 8915747    /home/othman/play-1.1.1/framework/lib/slf4j-log4j12-1.6.1.jar
7ee3d000-7ee3f000 r--s 00015000 08:07 8915730    /home/othman/play-1.1.1/framework/lib/jj-simplecaptcha.jar
7ee3f000-7ee46000 r--s 00038000 08:07 8915732    /home/othman/play-1.1.1/framework/lib/jj-wikitext.jar
7ee46000-7ee4a000 r--s 00025000 08:07 8915717    /home/othman/play-1.1.1/framework/lib/gson-1.4.jar
7ee4a000-7ee4c000 r--s 00015000 08:07 8915734    /home/othman/play-1.1.1/framework/lib/jregex-1.2_01.jar
7ee4c000-7ee4e000 r--s 0000d000 08:07 8915712    /home/othman/play-1.1.1/framework/lib/commons-logging-1.1.1.jar
7ee4e000-7ee5d000 r--s 00074000 08:07 8915733    /home/othman/play-1.1.1/framework/lib/jodatime-1.6.jar
7ee5d000-7ee86000 r--s 00403000 08:07 8915742    /home/othman/play-1.1.1/framework/lib/org.eclipse.jdt.core_3.6.0.jar
7ee86000-7ee89000 r--s 0000f000 08:07 8915744    /home/othman/play-1.1.1/framework/lib/provided-servlet-2.5.jar
7ee89000-7ee90000 r--s 00059000 08:07 8915738    /home/othman/play-1.1.1/framework/lib/log4j-1.2.15.jar
7ee90000-7ee96000 r--s 00054000 08:07 8915718    /home/othman/play-1.1.1/framework/lib/hibernate-annotations-3.5.6-Final.jar
7ee96000-7ee9b000 r--s 00034000 08:07 8915705    /home/othman/play-1.1.1/framework/lib/commons-beanutils-1.8.3.jar
7ee9b000-7eec2000 r--s 0024c000 08:07 8915720    /home/othman/play-1.1.1/framework/lib/hibernate-core-3.5.6-Final-patched.jar
7eec2000-7eec4000 r--s 0000b000 08:07 8915709    /home/othman/play-1.1.1/framework/lib/commons-fileupload-1.2.jar
7eec4000-7eec9000 r--s 00036000 08:07 8915701    /home/othman/play-1.1.1/framework/lib/async-http-client-1.4.0.jar
7eec9000-7ef18000 r--s 004b1000 08:07 8915716    /home/othman/play-1.1.1/framework/lib/groovy-all-1.7.1.jar
7ef18000-7ef21000 r--s 000a6000 08:07 8915723    /home/othman/play-1.1.1/framework/lib/hsqldb-1.8.1.2.jar
7ef21000-7ef23000 r--s 00008000 08:07 8915745    /home/othman/play-1.1.1/framework/lib/signpost-core-1.2.jar
7ef23000-7ef28000 r--s 00048000 08:07 8915713    /home/othman/play-1.1.1/framework/lib/dom4j-1.6.1.jar
7ef28000-7ef2f000 r--s 00049000 08:07 8915743    /home/othman/play-1.1.1/framework/lib/oval-1.50.jar
7ef2f000-7ef35000 r--s 00049000 08:07 8915704    /home/othman/play-1.1.1/framework/lib/cglib-2.2.jar
7ef35000-7ef3b000 r--s 00032000 08:07 8915728    /home/othman/play-1.1.1/framework/lib/jaxen-1.1.jar
7ef3b000-7ef3c000 r--s 00007000 08:07 8915708    /home/othman/play-1.1.1/framework/lib/commons-email-1.2.jar
7ef3c000-7ef3e000 r--s 0000d000 08:07 8915706    /home/othman/play-1.1.1/framework/lib/commons-codec-1.4.jar
7ef3e000-7ef41000 r--s 0000f000 08:07 8915719    /home/othman/play-1.1.1/framework/lib/hibernate-commons-annotations-3.2.0.Final.jar
7ef41000-7ef4c000 r--s 0008b000 08:07 8915703    /home/othman/play-1.1.1/framework/lib/c3p0-0.9.1.2.jar
7ef4c000-7ef55000 r--s 0005d000 08:07 8915721    /home/othman/play-1.1.1/framework/lib/hibernate-entitymanager-3.5.6-Final.jar
7ef55000-7ef64000 r--s 000b1000 08:07 8915741    /home/othman/play-1.1.1/framework/lib/netty-3.2.2.Final.jar
7ef64000-7ef6a000 r--s 00034000 08:07 8915737    /home/othman/play-1.1.1/framework/lib/junit-4.8.1.jar
7ef6a000-7ef6d000 r--s 00018000 08:07 8915710    /home/othman/play-1.1.1/framework/lib/commons-io-1.4.jar
7ef6d000-7ef74000 r--s 0006a000 08:07 8915725    /home/othman/play-1.1.1/framework/lib/javamail-1.4.3.jar
7ef74000-7ef7e000 r--s 0006f000 08:07 8915714    /home/othman/play-1.1.1/framework/lib/ehcache-core-2.0.0.jar
7ef7e000-7ef80000 r--s 00001000 08:07 8915735    /home/othman/play-1.1.1/framework/lib/jsr107cache-1.0.jar
7ef80000-7ef8d000 r--s 0007c000 08:07 8915707    /home/othman/play-1.1.1/framework/lib/commons-collections-3.1.jar
7ef8d000-7ef95000 r--s 0008a000 08:07 8915726    /home/othman/play-1.1.1/framework/lib/javassist-3.9.0.GA.jar
7ef95000-7ef96000 r--s 00000000 08:07 8915727    /home/othman/play-1.1.1/framework/lib/javax.inject-1.0.jar
7ef96000-7ef9d000 r--s 000b5000 08:07 8915740    /home/othman/play-1.1.1/framework/lib/mysql-connector-java-5.1.13-bin.jar
7ef9d000-7efa3000 r--s 00067000 08:07 8915700    /home/othman/play-1.1.1/framework/lib/antlr-2.7.6.jar
7efa3000-7efc8000 r--s 00172000 08:07 8915702    /home/othman/play-1.1.1/framework/lib/bcprov-jdk15-145.jar
7efc8000-7efcb000 r--s 00011000 08:07 8915715    /home/othman/play-1.1.1/framework/lib/ezmorph-1.0.3.jar
7efcb000-7efcd000 r--s 00002000 08:07 8915736    /home/othman/play-1.1.1/framework/lib/jta-1.1.jar
7efcd000-7efd3000 r--s 00033000 08:07 8915748    /home/othman/play-1.1.1/framework/lib/snakeyaml-1.6.jar
7efd3000-7efd8000 r--s 00020000 08:07 8915729    /home/othman/play-1.1.1/framework/lib/jj-imaging.jar
7efd8000-7efdd000 r--s 00037000 08:07 8915739    /home/othman/play-1.1.1/framework/lib/memcached-2.4.2.jar
7efdd000-7efe2000 r--s 00014000 08:07 8915722    /home/othman/play-1.1.1/framework/lib/hibernate-jpa-2.0-api-1.0.0.Final.jar
7efe2000-7efe4000 r--s 00005000 08:07 8915746    /home/othman/play-1.1.1/framework/lib/slf4j-api-1.6.1.jar
7efe4000-7efe7000 r--s 00022000 08:07 8915724    /home/othman/play-1.1.1/framework/lib/jamon-2.7.jar
7efe7000-7efe8000 r--s 00001000 08:07 9568510    /home/othman/play-1.1.1/modules/testrunner/lib/play-testrunner.jar
7efe8000-7efec000 r--s 00030000 08:07 9307259    /home/othman/Development/Java/workspace/talkabouthealth/lib/mongo-2.1.jar
7efec000-7eff7000 r--s 00073000 08:07 9307264    /home/othman/Development/Java/workspace/talkabouthealth/lib/smackx.jar
7eff7000-7effc000 r--s 00036000 08:07 9307262    /home/othman/Development/Java/workspace/talkabouthealth/lib/skype_win32.jar
7effc000-7effd000 ---p 00000000 00:00 0 
7effd000-7f07d000 rw-p 00000000 00:00 0 
7f07d000-7f080000 ---p 00000000 00:00 0 
7f080000-7f0ce000 rw-p 00000000 00:00 0 
7f0ce000-7f0d1000 ---p 00000000 00:00 0 
7f0d1000-7f14f000 rw-p 00000000 00:00 0 
7f14f000-7f152000 ---p 00000000 00:00 0 
7f152000-7f1d0000 rw-p 00000000 00:00 0 
7f1d0000-7f1d3000 ---p 00000000 00:00 0 
7f1d3000-7f221000 rw-p 00000000 00:00 0 
7f221000-7f224000 ---p 00000000 00:00 0 
7f224000-7f272000 rw-p 00000000 00:00 0 
7f272000-7f27e000 r-xp 00000000 08:06 262654     /lib/libnss_files-2.11.3.so
7f27e000-7f27f000 r--p 0000b000 08:06 262654     /lib/libnss_files-2.11.3.so
7f27f000-7f280000 rw-p 0000c000 08:06 262654     /lib/libnss_files-2.11.3.so
7f280000-7f281000 r--s 00007000 08:07 9307258    /home/othman/Development/Java/workspace/talkabouthealth/lib/lucene-queries-2.3.1.jar
7f281000-7f287000 r--s 00040000 08:07 9307263    /home/othman/Development/Java/workspace/talkabouthealth/lib/smack.jar
7f287000-7f289000 r--s 00012000 08:07 9307255    /home/othman/Development/Java/workspace/talkabouthealth/lib/lucene-analyzers-2.3.1.jar
7f289000-7f28b000 r--s 00009000 08:07 9307261    /home/othman/Development/Java/workspace/talkabouthealth/lib/signpost-core-1.2.1.1.jar
7f28b000-7f28c000 r--s 00006000 08:07 9307257    /home/othman/Development/Java/workspace/talkabouthealth/lib/lucene-highlighter-2.3.1.jar
7f28c000-7f298000 r--s 00097000 08:07 9307256    /home/othman/Development/Java/workspace/talkabouthealth/lib/lucene-core-2.3.1.jar
7f298000-7f2a1000 r--s 00050000 08:07 9307254    /home/othman/Development/Java/workspace/talkabouthealth/lib/jml-1.0b3-full.jar
7f2a1000-7f2a6000 r--s 00040000 08:07 9307253    /home/othman/Development/Java/workspace/talkabouthealth/lib/commons-httpclient.jar
7f2a6000-7f2aa000 r--s 0002c000 08:07 9307260    /home/othman/Development/Java/workspace/talkabouthealth/lib/openymsg-0.5.0.jar
7f2aa000-7f2ad000 r-xp 00000000 08:06 678956     /usr/lib/jvm/java-1.6.0-openjdk-1.6.0/jre/lib/i386/libdt_socket.so
7f2ad000-7f2ae000 r--p 00002000 08:06 678956     /usr/lib/jvm/java-1.6.0-openjdk-1.6.0/jre/lib/i386/libdt_socket.so
7f2ae000-7f2af000 rw-p 00003000 08:06 678956     /usr/lib/jvm/java-1.6.0-openjdk-1.6.0/jre/lib/i386/libdt_socket.so
7f2af000-7f2b2000 ---p 00000000 00:00 0 
7f2b2000-7f300000 rw-p 00000000 00:00 0 
7f300000-7f400000 rw-p 00000000 00:00 0 
7f400000-7f402000 r--s 0000b000 08:07 9307265    /home/othman/Development/Java/workspace/talkabouthealth/lib/tah-im.jar
7f402000-7f406000 r--s 0007c000 08:06 679008     /usr/lib/jvm/java-1.6.0-openjdk-1.6.0/jre/lib/jsse.jar
7f406000-7f40e000 r--s 0008c000 08:07 8915751    /home/othman/play-1.1.1/framework/play.jar
7f40e000-7f411000 r--s 0000f000 08:06 678919     /usr/lib/jvm/java-1.6.0-openjdk-1.6.0/jre/lib/ext/pulse-java.jar
7f411000-7f414000 ---p 00000000 00:00 0 
7f414000-7f462000 rw-p 00000000 00:00 0 
7f462000-7f465000 ---p 00000000 00:00 0 
7f465000-7f4b3000 rw-p 00000000 00:00 0 
7f4b3000-7f4b4000 ---p 00000000 00:00 0 
7f4b4000-7f534000 rw-p 00000000 00:00 0 
7f534000-7f536000 r--s 0001d000 08:06 679020     /usr/lib/jvm/java-1.6.0-openjdk-1.6.0/jre/lib/plugin.jar
7f536000-7f53b000 r--s 00044000 08:06 679019     /usr/lib/jvm/java-1.6.0-openjdk-1.6.0/jre/lib/netx.jar
7f53b000-7f56e000 rw-p 00000000 00:00 0 
7f56e000-7f705000 r--s 03992000 08:06 679025     /usr/lib/jvm/java-1.6.0-openjdk-1.6.0/jre/lib/rt.jar
7f705000-7f706000 ---p 00000000 00:00 0 
7f706000-7f786000 rw-p 00000000 00:00 0 
7f786000-7f787000 ---p 00000000 00:00 0 
7f787000-7f816000 rw-p 00000000 00:00 0 
7f816000-7f847000 rw-p 00000000 00:00 0 
7f847000-7f858000 rw-p 00000000 00:00 0 
7f858000-7f931000 rw-p 00000000 00:00 0 
7f931000-7f940000 rw-p 00000000 00:00 0 
7f940000-7f971000 rw-p 00000000 00:00 0 
7f971000-7f982000 rw-p 00000000 00:00 0 
7f982000-7fa5a000 rw-p 00000000 00:00 0 
7fa5a000-7fab3000 rw-p 00000000 00:00 0 
7fab3000-7fac0000 ---p 00000000 00:00 0 
7fac0000-7facf000 rw-p 00000000 00:00 0 
7facf000-81890000 rw-p 00000000 00:00 0 
81890000-87ad0000 rw-p 00000000 00:00 0 
87ad0000-89c30000 rw-p 00000000 00:00 0 
89c30000-a4d80000 rw-p 00000000 00:00 0 
a4d80000-afd40000 rw-p 00000000 00:00 0 
afd40000-b17b0000 ---p 00000000 00:00 0 
b17b0000-b36d0000 rw-p 00000000 00:00 0 
b36d0000-b36d1000 rw-p 00000000 00:00 0 
b36d1000-b36da000 r--s 00065000 08:06 678916     /usr/lib/jvm/java-1.6.0-openjdk-1.6.0/jre/lib/ext/gnome-java-bridge.jar
b36da000-b36f7000 rw-p 00000000 00:00 0 
b36f7000-b379a000 rw-p 00000000 00:00 0 
b379a000-b3ed2000 rwxp 00000000 00:00 0 
b3ed2000-b679a000 rw-p 00000000 00:00 0 
b679a000-b67a1000 r-xp 00000000 08:06 678984     /usr/lib/jvm/java-1.6.0-openjdk-1.6.0/jre/lib/i386/libzip.so
b67a1000-b67a2000 r--p 00006000 08:06 678984     /usr/lib/jvm/java-1.6.0-openjdk-1.6.0/jre/lib/i386/libzip.so
b67a2000-b67a3000 rw-p 00007000 08:06 678984     /usr/lib/jvm/java-1.6.0-openjdk-1.6.0/jre/lib/i386/libzip.so
b67a3000-b67ab000 rw-s 00000000 08:06 394314     /tmp/hsperfdata_othman/31451
b67ab000-b67ea000 r--p 00000000 08:06 661888     /usr/lib/locale/en_US.utf8/LC_CTYPE
b67ea000-b67eb000 r--p 00000000 08:06 661878     /usr/lib/locale/en_US.utf8/LC_NUMERIC
b67eb000-b67ec000 r--p 00000000 08:06 787201     /usr/lib/locale/en_US.utf8/LC_TIME
b67ec000-b6909000 r--p 00000000 08:06 661887     /usr/lib/locale/en_US.utf8/LC_COLLATE
b6909000-b690a000 r--p 00000000 08:06 787197     /usr/lib/locale/en_US.utf8/LC_MONETARY
b690a000-b690b000 r--p 00000000 08:06 786892     /usr/lib/locale/en_US.utf8/LC_MESSAGES/SYS_LC_MESSAGES
b690b000-b690c000 r--p 00000000 08:06 662079     /usr/lib/locale/en_US.utf8/LC_PAPER
b690c000-b690d000 r--p 00000000 08:06 662456     /usr/lib/locale/en_US.utf8/LC_NAME
b690d000-b690e000 r--p 00000000 08:06 787199     /usr/lib/locale/en_US.utf8/LC_ADDRESS
b690e000-b690f000 r--p 00000000 08:06 786897     /usr/lib/locale/en_US.utf8/LC_TELEPHONE
b690f000-b6916000 r--s 00000000 08:06 666387     /usr/lib/gconv/gconv-modules.cache
b6916000-b694c000 r-xp 00000000 08:06 678967     /usr/lib/jvm/java-1.6.0-openjdk-1.6.0/jre/lib/i386/libjdwp.so
b694c000-b694d000 r--p 00035000 08:06 678967     /usr/lib/jvm/java-1.6.0-openjdk-1.6.0/jre/lib/i386/libjdwp.so
b694d000-b694e000 rw-p 00036000 08:06 678967     /usr/lib/jvm/java-1.6.0-openjdk-1.6.0/jre/lib/i386/libjdwp.so
b694e000-b6972000 r-xp 00000000 08:06 678964     /usr/lib/jvm/java-1.6.0-openjdk-1.6.0/jre/lib/i386/libjava.so
b6972000-b6973000 r--p 00023000 08:06 678964     /usr/lib/jvm/java-1.6.0-openjdk-1.6.0/jre/lib/i386/libjava.so
b6973000-b6975000 rw-p 00024000 08:06 678964     /usr/lib/jvm/java-1.6.0-openjdk-1.6.0/jre/lib/i386/libjava.so
b6975000-b697d000 r-xp 00000000 08:06 262795     /lib/librt-2.11.3.so
b697d000-b697e000 r--p 00007000 08:06 262795     /lib/librt-2.11.3.so
b697e000-b697f000 rw-p 00008000 08:06 262795     /lib/librt-2.11.3.so
b697f000-b6982000 ---p 00000000 00:00 0 
b6982000-b69d0000 rw-p 00000000 00:00 0 
b69d0000-b69f8000 r-xp 00000000 08:06 262653     /lib/libm-2.11.3.so
b69f8000-b69f9000 r--p 00027000 08:06 262653     /lib/libm-2.11.3.so
b69f9000-b69fa000 rw-p 00028000 08:06 262653     /lib/libm-2.11.3.so
b69fa000-b7257000 r-xp 00000000 08:06 678990     /usr/lib/jvm/java-1.6.0-openjdk-1.6.0/jre/lib/i386/server/libjvm.so
b7257000-b729c000 r--p 0085d000 08:06 678990     /usr/lib/jvm/java-1.6.0-openjdk-1.6.0/jre/lib/i386/server/libjvm.so
b729c000-b72ab000 rw-p 008a2000 08:06 678990     /usr/lib/jvm/java-1.6.0-openjdk-1.6.0/jre/lib/i386/server/libjvm.so
b72ab000-b76cb000 rw-p 00000000 00:00 0 
b76cb000-b76e0000 r-xp 00000000 08:06 262368     /lib/libz.so.1.2.5
b76e0000-b76e1000 r--p 00014000 08:06 262368     /lib/libz.so.1.2.5
b76e1000-b76e2000 rw-p 00015000 08:06 262368     /lib/libz.so.1.2.5
b76e2000-b7848000 r-xp 00000000 08:06 262814     /lib/libc-2.11.3.so
b7848000-b7849000 ---p 00166000 08:06 262814     /lib/libc-2.11.3.so
b7849000-b784b000 r--p 00166000 08:06 262814     /lib/libc-2.11.3.so
b784b000-b784c000 rw-p 00168000 08:06 262814     /lib/libc-2.11.3.so
b784c000-b7850000 rw-p 00000000 00:00 0 
b7850000-b7853000 r-xp 00000000 08:06 262822     /lib/libdl-2.11.3.so
b7853000-b7854000 r--p 00002000 08:06 262822     /lib/libdl-2.11.3.so
b7854000-b7855000 rw-p 00003000 08:06 262822     /lib/libdl-2.11.3.so
b7855000-b7858000 r-xp 00000000 08:06 678952     /usr/lib/jvm/java-1.6.0-openjdk-1.6.0/jre/lib/i386/jli/libjli.so
b7858000-b7859000 r--p 00003000 08:06 678952     /usr/lib/jvm/java-1.6.0-openjdk-1.6.0/jre/lib/i386/jli/libjli.so
b7859000-b785a000 rw-p 00004000 08:06 678952     /usr/lib/jvm/java-1.6.0-openjdk-1.6.0/jre/lib/i386/jli/libjli.so
b785a000-b7871000 r-xp 00000000 08:06 262372     /lib/libpthread-2.11.3.so
b7871000-b7872000 r--p 00016000 08:06 262372     /lib/libpthread-2.11.3.so
b7872000-b7873000 rw-p 00017000 08:06 262372     /lib/libpthread-2.11.3.so
b7873000-b7875000 rw-p 00000000 00:00 0 
b7875000-b7876000 r--p 00000000 08:06 787196     /usr/lib/locale/en_US.utf8/LC_MEASUREMENT
b7876000-b7877000 r--p 00000000 08:06 787200     /usr/lib/locale/en_US.utf8/LC_IDENTIFICATION
b7877000-b787a000 r-xp 00000000 08:06 678977     /usr/lib/jvm/java-1.6.0-openjdk-1.6.0/jre/lib/i386/libnpt.so
b787a000-b787b000 r--p 00002000 08:06 678977     /usr/lib/jvm/java-1.6.0-openjdk-1.6.0/jre/lib/i386/libnpt.so
b787b000-b787c000 rw-p 00003000 08:06 678977     /usr/lib/jvm/java-1.6.0-openjdk-1.6.0/jre/lib/i386/libnpt.so
b787c000-b7885000 r-xp 00000000 08:06 678959     /usr/lib/jvm/java-1.6.0-openjdk-1.6.0/jre/lib/i386/libinstrument.so
b7885000-b7886000 r--p 00008000 08:06 678959     /usr/lib/jvm/java-1.6.0-openjdk-1.6.0/jre/lib/i386/libinstrument.so
b7886000-b7887000 rw-p 00009000 08:06 678959     /usr/lib/jvm/java-1.6.0-openjdk-1.6.0/jre/lib/i386/libinstrument.so
b7887000-b788e000 r-xp 00000000 08:06 678986     /usr/lib/jvm/java-1.6.0-openjdk-1.6.0/jre/lib/i386/native_threads/libhpi.so
b788e000-b788f000 r--p 00006000 08:06 678986     /usr/lib/jvm/java-1.6.0-openjdk-1.6.0/jre/lib/i386/native_threads/libhpi.so
b788f000-b7890000 rw-p 00007000 08:06 678986     /usr/lib/jvm/java-1.6.0-openjdk-1.6.0/jre/lib/i386/native_threads/libhpi.so
b7890000-b7891000 rw-p 00000000 00:00 0 
b7891000-b7892000 r--p 00000000 00:00 0 
b7892000-b789d000 r-xp 00000000 08:06 678983     /usr/lib/jvm/java-1.6.0-openjdk-1.6.0/jre/lib/i386/libverify.so
b789d000-b789e000 r--p 0000b000 08:06 678983     /usr/lib/jvm/java-1.6.0-openjdk-1.6.0/jre/lib/i386/libverify.so
b789e000-b789f000 rw-p 0000c000 08:06 678983     /usr/lib/jvm/java-1.6.0-openjdk-1.6.0/jre/lib/i386/libverify.so
b789f000-b78a0000 rw-p 00000000 00:00 0 
b78a0000-b78bf000 r-xp 00000000 08:06 262826     /lib/ld-2.11.3.so
b78bf000-b78c0000 r--p 0001e000 08:06 262826     /lib/ld-2.11.3.so
b78c0000-b78c1000 rw-p 0001f000 08:06 262826     /lib/ld-2.11.3.so
bff4e000-bff71000 rw-p 00000000 00:00 0          [stack]
ffffe000-fffff000 r-xp 00000000 00:00 0          [vdso]

VM Arguments:
jvm_args: -javaagent:/home/othman/play-1.1.1/framework/play.jar -Dplay.debug=yes -Xrunjdwp:transport=dt_socket,address=8000,server=y,suspend=n -Xdebug -Xms50m -Xmx700m -Dapplication.path=/home/othman/Development/Java/workspace/talkabouthealth -Dplay.id=test 
java_command: play.server.Server 
Launcher Type: SUN_STANDARD

Environment Variables:
JAVA_HOME=/usr/lib/jvm/java-1.6.0-openjdk-1.6.0
JRE_HOME=/usr/lib/jvm/java-1.6.0-openjdk-1.6.0/jre
PATH=/home/othman/mongodb-linux-i686-1.8.1/bin:/home/othman/play-1.1.1:/home/othman/apache-maven-3.0.3/bin:/usr/lib/jvm/java-1.6.0-openjdk-1.6.0/bin:/home/othman/mongodb-linux-i686-1.8.1/bin:/home/othman/play-1.1.1:/home/othman/apache-maven-3.0.3/bin:/usr/lib/jvm/java-1.6.0-openjdk-1.6.0/bin:/home/othman/mongodb-linux-i686-1.8.1/bin:/home/othman/play-1.1.1:/home/othman/apache-maven-3.0.3/bin:/usr/lib/jvm/java-1.6.0-openjdk-1.6.0/bin:/usr/lib/mpi/gcc/openmpi/bin:/home/othman/bin:/usr/local/bin:/usr/bin:/bin:/usr/bin/X11:/usr/X11R6/bin:/usr/games:/opt/kde3/bin:/usr/lib/mit/bin:/usr/lib/mit/sbin
LD_LIBRARY_PATH=/usr/lib/jvm/java-1.6.0-openjdk-1.6.0/jre/lib/i386/server:/usr/lib/jvm/java-1.6.0-openjdk-1.6.0/jre/lib/i386:/usr/lib/jvm/java-1.6.0-openjdk-1.6.0/jre/../lib/i386:/usr/lib/mpi/gcc/openmpi/lib
SHELL=/bin/bash
DISPLAY=:0
HOSTTYPE=i386
OSTYPE=linux
MACHTYPE=i686-suse-linux

Signal Handlers:
SIGSEGV: [libjvm.so+0x698280], sa_mask[0]=0x7ffbfeff, sa_flags=0x10000004
SIGBUS: [libjvm.so+0x698280], sa_mask[0]=0x7ffbfeff, sa_flags=0x10000004
SIGFPE: [libjvm.so+0x54faa0], sa_mask[0]=0x7ffbfeff, sa_flags=0x10000004
SIGPIPE: SIG_IGN, sa_mask[0]=0x00000000, sa_flags=0x00000000
SIGXFSZ: [libjvm.so+0x54faa0], sa_mask[0]=0x7ffbfeff, sa_flags=0x10000004
SIGILL: [libjvm.so+0x54faa0], sa_mask[0]=0x7ffbfeff, sa_flags=0x10000004
SIGUSR1: SIG_DFL, sa_mask[0]=0x00000000, sa_flags=0x00000000
SIGUSR2: [libjvm.so+0x54f940], sa_mask[0]=0x00000000, sa_flags=0x10000004
SIGHUP: [libjvm.so+0x5527f0], sa_mask[0]=0x7ffbfeff, sa_flags=0x10000004
SIGINT: [libjvm.so+0x5527f0], sa_mask[0]=0x7ffbfeff, sa_flags=0x10000004
SIGTERM: [libjvm.so+0x5527f0], sa_mask[0]=0x7ffbfeff, sa_flags=0x10000004
SIGQUIT: [libjvm.so+0x5527f0], sa_mask[0]=0x7ffbfeff, sa_flags=0x10000004


---------------  S Y S T E M  ---------------

OS:openSUSE 11.4 (i586)
VERSION = 11.4
CODENAME = Celadon

uname:Linux 2.6.37.6-0.5-desktop #1 SMP PREEMPT 2011-04-25 21:48:33 +0200 i686
libc:glibc 2.11.3 NPTL 2.11.3 
rlimit: STACK 8192k, CORE 0k, NPROC 15586, NOFILE 8192, AS 3283760k
load average:0.13 0.12 0.14

/proc/meminfo:
MemTotal:        2006524 kB
MemFree:           61820 kB
Buffers:           25224 kB
Cached:           551008 kB
SwapCached:         2896 kB
Active:          1122188 kB
Inactive:         711244 kB
Active(anon):     979560 kB
Inactive(anon):   565952 kB
Active(file):     142628 kB
Inactive(file):   145292 kB
Unevictable:           0 kB
Mlocked:               0 kB
HighTotal:       1140776 kB
HighFree:           1680 kB
LowTotal:         865748 kB
LowFree:           60140 kB
SwapTotal:       2098172 kB
SwapFree:        2031040 kB
Dirty:               468 kB
Writeback:             0 kB
AnonPages:       1254712 kB
Mapped:           104576 kB
Shmem:            288212 kB
Slab:              59836 kB
SReclaimable:      26828 kB
SUnreclaim:        33008 kB
KernelStack:        5648 kB
PageTables:        20288 kB
NFS_Unstable:          0 kB
Bounce:                0 kB
WritebackTmp:          0 kB
CommitLimit:     3101432 kB
Committed_AS:    3854604 kB
VmallocTotal:     122880 kB
VmallocUsed:       26720 kB
VmallocChunk:      66372 kB
HardwareCorrupted:     0 kB
HugePages_Total:       0
HugePages_Free:        0
HugePages_Rsvd:        0
HugePages_Surp:        0
Hugepagesize:       2048 kB
DirectMap4k:       10232 kB
DirectMap2M:      892928 kB


CPU:total 2 (2 cores per cpu, 1 threads per core) family 6 model 23 stepping 10, cmov, cx8, fxsr, mmx, sse, sse2, sse3, ssse3, sse4.1

Memory: 4k page, physical 2006524k(61820k free), swap 2098172k(2031040k free)

vm_info: OpenJDK Server VM (19.0-b09) for linux-x86 JRE (1.6.0_20-b20), built on Feb 27 2011 12:56:15 by "abuild" with gcc 4.5.1 20101208 [gcc-4_5-branch revision 167585]

time: Wed May 18 18:31:47 2011
elapsed time: 1430 seconds

